Requirement already satisfied: fastapi==0.112.0 in .\venv\lib\site-packages (from -r requirements.txt (line 1)) (0.112.0)
Requirement already satisfied: uvicorn==0.30.6 in .\venv\lib\site-packages (from uvicorn[standard]==0.30.6->-r requirements.txt (line 2)) (0.30.6)
Requirement already satisfied: gunicorn==22.0.0 in .\venv\lib\site-packages (from -r requirements.txt (line 3)) (22.0.0)
Requirement already satisfied: sqlalchemy==2.0.32 in .\venv\lib\site-packages (from -r requirements.txt (line 4)) (2.0.32)
Requirement already satisfied: alembic==1.13.2 in .\venv\lib\site-packages (from -r requirements.txt (line 5)) (1.13.2)
Requirement already satisfied: python-jose==3.3.0 in .\venv\lib\site-packages (from python-jose[cryptography]==3.3.0->-r requirements.txt (line 6)) (3.3.0)
Requirement already satisfied: passlib==1.7.4 in .\venv\lib\site-packages (from passlib[bcrypt]==1.7.4->-r requirements.txt (line 7)) (1.7.4)
Requirement already satisfied: bcrypt==4.0.1 in .\venv\lib\site-packages (from -r requirements.txt (line 8)) (4.0.1)
Requirement already satisfied: python-multipart==0.0.9 in .\venv\lib\site-packages (from -r requirements.txt (line 9)) (0.0.9)
Requirement already satisfied: httpx==0.27.0 in .\venv\lib\site-packages (from -r requirements.txt (line 10)) (0.27.0)
Requirement already satisfied: pydantic==2.8.2 in .\venv\lib\site-packages (from pydantic[email]==2.8.2->-r requirements.txt (line 11)) (2.8.2)
Requirement already satisfied: aiofiles==24.1.0 in .\venv\lib\site-packages (from -r requirements.txt (line 12)) (24.1.0)
Requirement already satisfied: python-dotenv==1.0.1 in .\venv\lib\site-packages (from -r requirements.txt (line 13)) (1.0.1)
Requirement already satisfied: psycopg2-binary==2.9.9 in .\venv\lib\site-packages (from -r requirements.txt (line 14)) (2.9.9)
Requirement already satisfied: PyMuPDF==1.24.9 in .\venv\lib\site-packages (from -r requirements.txt (line 15)) (1.24.9)
Requirement already satisfied: python-docx==1.1.2 in .\venv\lib\site-packages (from -r requirements.txt (line 16)) (1.1.2)
Requirement already satisfied: python-pptx==1.0.2 in .\venv\lib\site-packages (from -r requirements.txt (line 17)) (1.0.2)
Requirement already satisfied: openpyxl==3.1.5 in .\venv\lib\site-packages (from -r requirements.txt (line 18)) (3.1.5)
Requirement already satisfied: pytest==9.0.3 in .\venv\lib\site-packages (from -r requirements.txt (line 19)) (9.0.3)
Requirement already satisfied: celery==5.4.0 in .\venv\lib\site-packages (from -r requirements.txt (line 20)) (5.4.0)
Requirement already satisfied: redis==5.0.8 in .\venv\lib\site-packages (from -r requirements.txt (line 22)) (5.0.8)
Requirement already satisfied: starlette<0.38.0,>=0.37.2 in .\venv\lib\site-packages (from fastapi==0.112.0->-r requirements.txt (line 1)) (0.37.2)
Requirement already satisfied: typing-extensions>=4.8.0 in .\venv\lib\site-packages (from fastapi==0.112.0->-r requirements.txt (line 1)) (4.15.0)
Requirement already satisfied: annotated-types>=0.4.0 in .\venv\lib\site-packages (from pydantic==2.8.2->pydantic[email]==2.8.2->-r requirements.txt (line 11)) (0.7.0)
Requirement already satisfied: pydantic-core==2.20.1 in .\venv\lib\site-packages (from pydantic==2.8.2->pydantic[email]==2.8.2->-r requirements.txt (line 11)) (2.20.1)
Requirement already satisfied: click>=7.0 in .\venv\lib\site-packages (from uvicorn==0.30.6->uvicorn[standard]==0.30.6->-r requirements.txt (line 2)) (8.4.0)
Requirement already satisfied: h11>=0.8 in .\venv\lib\site-packages (from uvicorn==0.30.6->uvicorn[standard]==0.30.6->-r requirements.txt (line 2)) (0.16.0)
Requirement already satisfied: packaging in .\venv\lib\site-packages (from gunicorn==22.0.0->-r requirements.txt (line 3)) (26.2)
Requirement already satisfied: greenlet!=0.4.17 in .\venv\lib\site-packages (from sqlalchemy==2.0.32->-r requirements.txt (line 4)) (3.5.1)
Requirement already satisfied: Mako in .\venv\lib\site-packages (from alembic==1.13.2->-r requirements.txt (line 5)) (1.3.12)
Requirement already satisfied: ecdsa!=0.15 in .\venv\lib\site-packages (from python-jose==3.3.0->python-jose[cryptography]==3.3.0->-r requirements.txt (line 6)) (0.19.2)
Requirement already satisfied: rsa in .\venv\lib\site-packages (from python-jose==3.3.0->python-jose[cryptography]==3.3.0->-r requirements.txt (line 6)) (4.9.1)
Requirement already satisfied: pyasn1 in .\venv\lib\site-packages (from python-jose==3.3.0->python-jose[cryptography]==3.3.0->-r requirements.txt (line 6)) (0.6.3)
Requirement already satisfied: anyio in .\venv\lib\site-packages (from httpx==0.27.0->-r requirements.txt (line 10)) (4.13.0)
Requirement already satisfied: certifi in .\venv\lib\site-packages (from httpx==0.27.0->-r requirements.txt (line 10)) (2026.5.20)
Requirement already satisfied: httpcore==1.* in .\venv\lib\site-packages (from httpx==0.27.0->-r requirements.txt (line 10)) (1.0.9)
Requirement already satisfied: idna in .\venv\lib\site-packages (from httpx==0.27.0->-r requirements.txt (line 10)) (3.15)
Requirement already satisfied: sniffio in .\venv\lib\site-packages (from httpx==0.27.0->-r requirements.txt (line 10)) (1.3.1)
Requirement already satisfied: PyMuPDFb==1.24.9 in .\venv\lib\site-packages (from PyMuPDF==1.24.9->-r requirements.txt (line 15)) (1.24.9)
Requirement already satisfied: lxml>=3.1.0 in .\venv\lib\site-packages (from python-docx==1.1.2->-r requirements.txt (line 16)) (6.1.1)
Requirement already satisfied: Pillow>=3.3.2 in .\venv\lib\site-packages (from python-pptx==1.0.2->-r requirements.txt (line 17)) (12.2.0)
Requirement already satisfied: XlsxWriter>=0.5.7 in .\venv\lib\site-packages (from python-pptx==1.0.2->-r requirements.txt (line 17)) (3.2.9)
Requirement already satisfied: et-xmlfile in .\venv\lib\site-packages (from openpyxl==3.1.5->-r requirements.txt (line 18)) (2.0.0)
Requirement already satisfied: colorama>=0.4 in .\venv\lib\site-packages (from pytest==9.0.3->-r requirements.txt (line 19)) (0.4.6)
Requirement already satisfied: exceptiongroup>=1 in .\venv\lib\site-packages (from pytest==9.0.3->-r requirements.txt (line 19)) (1.3.1)
Requirement already satisfied: iniconfig>=1.0.1 in .\venv\lib\site-packages (from pytest==9.0.3->-r requirements.txt (line 19)) (2.3.0)
Requirement already satisfied: pluggy<2,>=1.5 in .\venv\lib\site-packages (from pytest==9.0.3->-r requirements.txt (line 19)) (1.6.0)
Requirement already satisfied: pygments>=2.7.2 in .\venv\lib\site-packages (from pytest==9.0.3->-r requirements.txt (line 19)) (2.20.0)
Requirement already satisfied: tomli>=1 in .\venv\lib\site-packages (from pytest==9.0.3->-r requirements.txt (line 19)) (2.4.1)
Requirement already satisfied: billiard<5.0,>=4.2.0 in .\venv\lib\site-packages (from celery==5.4.0->-r requirements.txt (line 20)) (4.2.4)
Requirement already satisfied: kombu<6.0,>=5.3.4 in .\venv\lib\site-packages (from celery==5.4.0->-r requirements.txt (line 20)) (5.6.2)
Requirement already satisfied: vine<6.0,>=5.1.0 in .\venv\lib\site-packages (from celery==5.4.0->-r requirements.txt (line 20)) (5.1.0)
Requirement already satisfied: click-didyoumean>=0.3.0 in .\venv\lib\site-packages (from celery==5.4.0->-r requirements.txt (line 20)) (0.3.1)
Requirement already satisfied: click-repl>=0.2.0 in .\venv\lib\site-packages (from celery==5.4.0->-r requirements.txt (line 20)) (0.3.0)
Requirement already satisfied: click-plugins>=1.1.1 in .\venv\lib\site-packages (from celery==5.4.0->-r requirements.txt (line 20)) (1.1.1.2)
Requirement already satisfied: tzdata>=2022.7 in .\venv\lib\site-packages (from celery==5.4.0->-r requirements.txt (line 20)) (2026.2)
Requirement already satisfied: python-dateutil>=2.8.2 in .\venv\lib\site-packages (from celery==5.4.0->-r requirements.txt (line 20)) (2.9.0.post0)
Requirement already satisfied: async-timeout>=4.0.3 in .\venv\lib\site-packages (from redis==5.0.8->-r requirements.txt (line 22)) (5.0.1)
Requirement already satisfied: email-validator>=2.0.0 in .\venv\lib\site-packages (from pydantic[email]==2.8.2->-r requirements.txt (line 11)) (2.3.0)
Requirement already satisfied: cryptography>=3.4.0 in .\venv\lib\site-packages (from python-jose[cryptography]==3.3.0->-r requirements.txt (line 6)) (48.0.0)
Requirement already satisfied: httptools>=0.5.0 in .\venv\lib\site-packages (from uvicorn[standard]==0.30.6->-r requirements.txt (line 2)) (0.7.1)
Requirement already satisfied: pyyaml>=5.1 in .\venv\lib\site-packages (from uvicorn[standard]==0.30.6->-r requirements.txt (line 2)) (6.0.3)
Requirement already satisfied: watchfiles>=0.13 in .\venv\lib\site-packages (from uvicorn[standard]==0.30.6->-r requirements.txt (line 2)) (1.2.0)
Requirement already satisfied: websockets>=10.4 in .\venv\lib\site-packages (from uvicorn[standard]==0.30.6->-r requirements.txt (line 2)) (16.0)
Requirement already satisfied: amqp<6.0.0,>=5.1.1 in .\venv\lib\site-packages (from kombu<6.0,>=5.3.4->celery==5.4.0->-r requirements.txt (line 20)) (5.3.1)
Requirement already satisfied: prompt-toolkit>=3.0.36 in .\venv\lib\site-packages (from click-repl>=0.2.0->celery==5.4.0->-r requirements.txt (line 20)) (3.0.52)
Requirement already satisfied: cffi>=2.0.0 in .\venv\lib\site-packages (from cryptography>=3.4.0->python-jose[cryptography]==3.3.0->-r requirements.txt (line 6)) (2.0.0)
Requirement already satisfied: pycparser in .\venv\lib\site-packages (from cffi>=2.0.0->cryptography>=3.4.0->python-jose[cryptography]==3.3.0->-r requirements.txt (line 6)) (3.0)
Requirement already satisfied: six>=1.9.0 in .\venv\lib\site-packages (from ecdsa!=0.15->python-jose==3.3.0->python-jose[cryptography]==3.3.0->-r requirements.txt (line 6)) (1.17.0)
Requirement already satisfied: dnspython>=2.0.0 in .\venv\lib\site-packages (from email-validator>=2.0.0->pydantic[email]==2.8.2->-r requirements.txt (line 11)) (2.8.0)
Requirement already satisfied: wcwidth in .\venv\lib\site-packages (from prompt-toolkit>=3.0.36->click-repl>=0.2.0->celery==5.4.0->-r requirements.txt (line 20)) (0.8.1)
Requirement already satisfied: MarkupSafe>=0.9.2 in .\venv\lib\site-packages (from Mako->alembic==1.13.2->-r requirements.txt (line 5)) (3.0.3)
 
 -------------- celery@WNT-20230914PYO v5.4.0 (opalescent)
--- ***** ----- 
-- ******* ---- Windows-10-10.0.19045-SP0 2026-06-21 09:41:32
- *** --- * --- 
- ** ---------- [config]
- ** ---------- .> app:         caiyan_backend:0x22f74376230
- ** ---------- .> transport:   redis://localhost:6379/0
- ** ---------- .> results:     redis://localhost:6379/0
- *** --- * --- .> concurrency: 8 (solo)
-- ******* ---- .> task events: OFF (enable -E to monitor tasks in this worker)
--- ***** ----- 
 -------------- [queues]
                .> celery           exchange=celery(direct) key=celery
                

[tasks]
  . parse_document

2026-06-21 18:53:29,535 INFO sqlalchemy.engine.Engine select pg_catalog.version()
2026-06-21 18:53:29,536 INFO sqlalchemy.engine.Engine [raw sql] [SQL parameters hidden due to hide_parameters=True]
2026-06-21 18:53:29,537 INFO sqlalchemy.engine.Engine select current_schema()
2026-06-21 18:53:29,538 INFO sqlalchemy.engine.Engine [raw sql] [SQL parameters hidden due to hide_parameters=True]
2026-06-21 18:53:29,538 INFO sqlalchemy.engine.Engine show standard_conforming_strings
2026-06-21 18:53:29,539 INFO sqlalchemy.engine.Engine [raw sql] [SQL parameters hidden due to hide_parameters=True]
2026-06-21 18:53:29,540 INFO sqlalchemy.engine.Engine BEGIN (implicit)
2026-06-21 18:53:29,542 INFO sqlalchemy.engine.Engine SELECT knowledge_parse_tasks.id AS knowledge_parse_tasks_id, knowledge_parse_tasks.document_id AS knowledge_parse_tasks_document_id, knowledge_parse_tasks.status AS knowledge_parse_tasks_status, knowledge_parse_tasks.created_at AS knowledge_parse_tasks_created_at, knowledge_parse_tasks.started_at AS knowledge_parse_tasks_started_at, knowledge_parse_tasks.finished_at AS knowledge_parse_tasks_finished_at, knowledge_parse_tasks.error_message AS knowledge_parse_tasks_error_message 
FROM knowledge_parse_tasks 
WHERE knowledge_parse_tasks.id = %(id_1)s 
 LIMIT %(param_1)s
2026-06-21 18:53:29,542 INFO sqlalchemy.engine.Engine [generated in 0.00056s] [SQL parameters hidden due to hide_parameters=True]
2026-06-21 18:53:29,549 INFO sqlalchemy.engine.Engine SELECT knowledge_documents.id AS knowledge_documents_id, knowledge_documents.source_type AS knowledge_documents_source_type, knowledge_documents.source_id AS knowledge_documents_source_id, knowledge_documents.sku AS knowledge_documents_sku, knowledge_documents.title AS knowledge_documents_title, knowledge_documents.content AS knowledge_documents_content, knowledge_documents.metadata_json AS knowledge_documents_metadata_json, knowledge_documents.file_name AS knowledge_documents_file_name, knowledge_documents.file_path AS knowledge_documents_file_path, knowledge_documents.file_type AS knowledge_documents_file_type, knowledge_documents.file_hash AS knowledge_documents_file_hash, knowledge_documents.page_count AS knowledge_documents_page_count, knowledge_documents.parse_status AS knowledge_documents_parse_status, knowledge_documents.parse_error AS knowledge_documents_parse_error, knowledge_documents.related_skus_json AS knowledge_documents_related_skus_json, knowledge_documents.is_active AS knowledge_documents_is_active, knowledge_documents.created_by AS knowledge_documents_created_by, knowledge_documents.created_at AS knowledge_documents_created_at, knowledge_documents.updated_at AS knowledge_documents_updated_at 
FROM knowledge_documents 
WHERE knowledge_documents.id = %(id_1)s 
 LIMIT %(param_1)s
2026-06-21 18:53:29,556 INFO sqlalchemy.engine.Engine [generated in 0.00707s] [SQL parameters hidden due to hide_parameters=True]
2026-06-21 18:53:29,560 INFO sqlalchemy.engine.Engine UPDATE knowledge_parse_tasks SET status=%(status)s, started_at=%(started_at)s WHERE knowledge_parse_tasks.id = %(knowledge_parse_tasks_id)s
2026-06-21 18:53:29,561 INFO sqlalchemy.engine.Engine [generated in 0.00093s] [SQL parameters hidden due to hide_parameters=True]
2026-06-21 18:53:29,564 INFO sqlalchemy.engine.Engine COMMIT
2026-06-21 18:53:29,575 INFO sqlalchemy.engine.Engine BEGIN (implicit)
2026-06-21 18:53:29,576 INFO sqlalchemy.engine.Engine SELECT knowledge_documents.id AS knowledge_documents_id, knowledge_documents.source_type AS knowledge_documents_source_type, knowledge_documents.source_id AS knowledge_documents_source_id, knowledge_documents.sku AS knowledge_documents_sku, knowledge_documents.title AS knowledge_documents_title, knowledge_documents.content AS knowledge_documents_content, knowledge_documents.metadata_json AS knowledge_documents_metadata_json, knowledge_documents.file_name AS knowledge_documents_file_name, knowledge_documents.file_path AS knowledge_documents_file_path, knowledge_documents.file_type AS knowledge_documents_file_type, knowledge_documents.file_hash AS knowledge_documents_file_hash, knowledge_documents.page_count AS knowledge_documents_page_count, knowledge_documents.parse_status AS knowledge_documents_parse_status, knowledge_documents.parse_error AS knowledge_documents_parse_error, knowledge_documents.related_skus_json AS knowledge_documents_related_skus_json, knowledge_documents.is_active AS knowledge_documents_is_active, knowledge_documents.created_by AS knowledge_documents_created_by, knowledge_documents.created_at AS knowledge_documents_created_at, knowledge_documents.updated_at AS knowledge_documents_updated_at 
FROM knowledge_documents 
WHERE knowledge_documents.id = %(pk_1)s
2026-06-21 18:53:29,577 INFO sqlalchemy.engine.Engine [generated in 0.00068s] [SQL parameters hidden due to hide_parameters=True]
2026-06-21 18:53:29,583 INFO sqlalchemy.engine.Engine DELETE FROM knowledge_chunks WHERE knowledge_chunks.document_id = %(document_id_1)s
2026-06-21 18:53:29,584 INFO sqlalchemy.engine.Engine [generated in 0.00076s] [SQL parameters hidden due to hide_parameters=True]
2026-06-21 18:53:29,622 INFO sqlalchemy.engine.Engine INSERT INTO knowledge_chunks (id, document_id, sku, source_type, chunk_index, content, metadata_json, embedding_model, embedding_status, embedding_error, created_at, updated_at) VALUES (%(id)s, %(document_id)s, %(sku)s, %(source_type)s, %(chunk_index)s, %(content)s, %(metadata_json)s, %(embedding_model)s, %(embedding_status)s, %(embedding_error)s, %(created_at)s, %(updated_at)s)
2026-06-21 18:53:29,623 INFO sqlalchemy.engine.Engine [generated in 0.00108s] [SQL parameters hidden due to hide_parameters=True]
2026-06-21 18:53:29,639 INFO sqlalchemy.engine.Engine UPDATE knowledge_documents SET content=%(content)s, metadata_json=%(metadata_json)s, page_count=%(page_count)s, parse_status=%(parse_status)s, updated_at=%(updated_at)s WHERE knowledge_documents.id = %(knowledge_documents_id)s
2026-06-21 18:53:29,656 INFO sqlalchemy.engine.Engine [generated in 0.01639s] [SQL parameters hidden due to hide_parameters=True]
2026-06-21 18:53:29,659 INFO sqlalchemy.engine.Engine COMMIT
2026-06-21 18:53:29,660 INFO sqlalchemy.engine.Engine BEGIN (implicit)
2026-06-21 18:53:29,661 INFO sqlalchemy.engine.Engine SELECT knowledge_documents.id, knowledge_documents.source_type, knowledge_documents.source_id, knowledge_documents.sku, knowledge_documents.title, knowledge_documents.content, knowledge_documents.metadata_json, knowledge_documents.file_name, knowledge_documents.file_path, knowledge_documents.file_type, knowledge_documents.file_hash, knowledge_documents.page_count, knowledge_documents.parse_status, knowledge_documents.parse_error, knowledge_documents.related_skus_json, knowledge_documents.is_active, knowledge_documents.created_by, knowledge_documents.created_at, knowledge_documents.updated_at 
FROM knowledge_documents 
WHERE knowledge_documents.id = %(pk_1)s
2026-06-21 18:53:29,662 INFO sqlalchemy.engine.Engine [generated in 0.00055s] [SQL parameters hidden due to hide_parameters=True]
2026-06-21 18:53:29,664 INFO sqlalchemy.engine.Engine SELECT knowledge_parse_tasks.id AS knowledge_parse_tasks_id, knowledge_parse_tasks.document_id AS knowledge_parse_tasks_document_id, knowledge_parse_tasks.status AS knowledge_parse_tasks_status, knowledge_parse_tasks.created_at AS knowledge_parse_tasks_created_at, knowledge_parse_tasks.started_at AS knowledge_parse_tasks_started_at, knowledge_parse_tasks.finished_at AS knowledge_parse_tasks_finished_at, knowledge_parse_tasks.error_message AS knowledge_parse_tasks_error_message 
FROM knowledge_parse_tasks 
WHERE knowledge_parse_tasks.id = %(id_1)s 
 LIMIT %(param_1)s
2026-06-21 18:53:29,664 INFO sqlalchemy.engine.Engine [cached since 0.122s ago] [SQL parameters hidden due to hide_parameters=True]
2026-06-21 18:53:29,666 INFO sqlalchemy.engine.Engine UPDATE knowledge_parse_tasks SET status=%(status)s, finished_at=%(finished_at)s WHERE knowledge_parse_tasks.id = %(knowledge_parse_tasks_id)s
2026-06-21 18:53:29,666 INFO sqlalchemy.engine.Engine [generated in 0.00062s] [SQL parameters hidden due to hide_parameters=True]
2026-06-21 18:53:29,667 INFO sqlalchemy.engine.Engine COMMIT
2026-06-21 18:53:29,675 INFO sqlalchemy.engine.Engine BEGIN (implicit)
2026-06-21 18:53:29,680 INFO sqlalchemy.engine.Engine SELECT knowledge_parse_tasks.id AS knowledge_parse_tasks_id, knowledge_parse_tasks.document_id AS knowledge_parse_tasks_document_id, knowledge_parse_tasks.status AS knowledge_parse_tasks_status, knowledge_parse_tasks.created_at AS knowledge_parse_tasks_created_at, knowledge_parse_tasks.started_at AS knowledge_parse_tasks_started_at, knowledge_parse_tasks.finished_at AS knowledge_parse_tasks_finished_at, knowledge_parse_tasks.error_message AS knowledge_parse_tasks_error_message 
FROM knowledge_parse_tasks 
WHERE knowledge_parse_tasks.id = %(id_1)s 
 LIMIT %(param_1)s
2026-06-21 18:53:29,681 INFO sqlalchemy.engine.Engine [cached since 0.1395s ago] [SQL parameters hidden due to hide_parameters=True]
2026-06-21 18:53:29,683 INFO sqlalchemy.engine.Engine SELECT knowledge_documents.id AS knowledge_documents_id, knowledge_documents.source_type AS knowledge_documents_source_type, knowledge_documents.source_id AS knowledge_documents_source_id, knowledge_documents.sku AS knowledge_documents_sku, knowledge_documents.title AS knowledge_documents_title, knowledge_documents.content AS knowledge_documents_content, knowledge_documents.metadata_json AS knowledge_documents_metadata_json, knowledge_documents.file_name AS knowledge_documents_file_name, knowledge_documents.file_path AS knowledge_documents_file_path, knowledge_documents.file_type AS knowledge_documents_file_type, knowledge_documents.file_hash AS knowledge_documents_file_hash, knowledge_documents.page_count AS knowledge_documents_page_count, knowledge_documents.parse_status AS knowledge_documents_parse_status, knowledge_documents.parse_error AS knowledge_documents_parse_error, knowledge_documents.related_skus_json AS knowledge_documents_related_skus_json, knowledge_documents.is_active AS knowledge_documents_is_active, knowledge_documents.created_by AS knowledge_documents_created_by, knowledge_documents.created_at AS knowledge_documents_created_at, knowledge_documents.updated_at AS knowledge_documents_updated_at 
FROM knowledge_documents 
WHERE knowledge_documents.id = %(id_1)s 
 LIMIT %(param_1)s
2026-06-21 18:53:29,683 INFO sqlalchemy.engine.Engine [cached since 0.1347s ago] [SQL parameters hidden due to hide_parameters=True]
2026-06-21 18:53:29,685 INFO sqlalchemy.engine.Engine UPDATE knowledge_parse_tasks SET status=%(status)s, started_at=%(started_at)s WHERE knowledge_parse_tasks.id = %(knowledge_parse_tasks_id)s
2026-06-21 18:53:29,685 INFO sqlalchemy.engine.Engine [cached since 0.1251s ago] [SQL parameters hidden due to hide_parameters=True]
2026-06-21 18:53:29,687 INFO sqlalchemy.engine.Engine COMMIT
2026-06-21 18:53:29,689 INFO sqlalchemy.engine.Engine BEGIN (implicit)
2026-06-21 18:53:29,689 INFO sqlalchemy.engine.Engine SELECT knowledge_documents.id AS knowledge_documents_id, knowledge_documents.source_type AS knowledge_documents_source_type, knowledge_documents.source_id AS knowledge_documents_source_id, knowledge_documents.sku AS knowledge_documents_sku, knowledge_documents.title AS knowledge_documents_title, knowledge_documents.content AS knowledge_documents_content, knowledge_documents.metadata_json AS knowledge_documents_metadata_json, knowledge_documents.file_name AS knowledge_documents_file_name, knowledge_documents.file_path AS knowledge_documents_file_path, knowledge_documents.file_type AS knowledge_documents_file_type, knowledge_documents.file_hash AS knowledge_documents_file_hash, knowledge_documents.page_count AS knowledge_documents_page_count, knowledge_documents.parse_status AS knowledge_documents_parse_status, knowledge_documents.parse_error AS knowledge_documents_parse_error, knowledge_documents.related_skus_json AS knowledge_documents_related_skus_json, knowledge_documents.is_active AS knowledge_documents_is_active, knowledge_documents.created_by AS knowledge_documents_created_by, knowledge_documents.created_at AS knowledge_documents_created_at, knowledge_documents.updated_at AS knowledge_documents_updated_at 
FROM knowledge_documents 
WHERE knowledge_documents.id = %(pk_1)s
2026-06-21 18:53:29,690 INFO sqlalchemy.engine.Engine [cached since 0.1137s ago] [SQL parameters hidden due to hide_parameters=True]
2026-06-21 18:53:29,806 INFO sqlalchemy.engine.Engine DELETE FROM knowledge_chunks WHERE knowledge_chunks.document_id = %(document_id_1)s
2026-06-21 18:53:29,807 INFO sqlalchemy.engine.Engine [cached since 0.2236s ago] [SQL parameters hidden due to hide_parameters=True]
2026-06-21 18:53:29,808 INFO sqlalchemy.engine.Engine INSERT INTO knowledge_chunks (id, document_id, sku, source_type, chunk_index, content, metadata_json, embedding_model, embedding_status, embedding_error, created_at, updated_at) VALUES (%(id)s, %(document_id)s, %(sku)s, %(source_type)s, %(chunk_index)s, %(content)s, %(metadata_json)s, %(embedding_model)s, %(embedding_status)s, %(embedding_error)s, %(created_at)s, %(updated_at)s)
2026-06-21 18:53:29,809 INFO sqlalchemy.engine.Engine [cached since 0.1867s ago] [SQL parameters hidden due to hide_parameters=True]
2026-06-21 18:53:29,810 INFO sqlalchemy.engine.Engine UPDATE knowledge_documents SET content=%(content)s, metadata_json=%(metadata_json)s, page_count=%(page_count)s, parse_status=%(parse_status)s, updated_at=%(updated_at)s WHERE knowledge_documents.id = %(knowledge_documents_id)s
2026-06-21 18:53:29,812 INFO sqlalchemy.engine.Engine [cached since 0.1725s ago] [SQL parameters hidden due to hide_parameters=True]
2026-06-21 18:53:29,813 INFO sqlalchemy.engine.Engine COMMIT
2026-06-21 18:53:29,814 INFO sqlalchemy.engine.Engine BEGIN (implicit)
2026-06-21 18:53:29,815 INFO sqlalchemy.engine.Engine SELECT knowledge_documents.id, knowledge_documents.source_type, knowledge_documents.source_id, knowledge_documents.sku, knowledge_documents.title, knowledge_documents.content, knowledge_documents.metadata_json, knowledge_documents.file_name, knowledge_documents.file_path, knowledge_documents.file_type, knowledge_documents.file_hash, knowledge_documents.page_count, knowledge_documents.parse_status, knowledge_documents.parse_error, knowledge_documents.related_skus_json, knowledge_documents.is_active, knowledge_documents.created_by, knowledge_documents.created_at, knowledge_documents.updated_at 
FROM knowledge_documents 
WHERE knowledge_documents.id = %(pk_1)s
2026-06-21 18:53:29,815 INFO sqlalchemy.engine.Engine [cached since 0.1549s ago] [SQL parameters hidden due to hide_parameters=True]
2026-06-21 18:53:29,817 INFO sqlalchemy.engine.Engine SELECT knowledge_parse_tasks.id AS knowledge_parse_tasks_id, knowledge_parse_tasks.document_id AS knowledge_parse_tasks_document_id, knowledge_parse_tasks.status AS knowledge_parse_tasks_status, knowledge_parse_tasks.created_at AS knowledge_parse_tasks_created_at, knowledge_parse_tasks.started_at AS knowledge_parse_tasks_started_at, knowledge_parse_tasks.finished_at AS knowledge_parse_tasks_finished_at, knowledge_parse_tasks.error_message AS knowledge_parse_tasks_error_message 
FROM knowledge_parse_tasks 
WHERE knowledge_parse_tasks.id = %(id_1)s 
 LIMIT %(param_1)s
2026-06-21 18:53:29,818 INFO sqlalchemy.engine.Engine [cached since 0.2762s ago] [SQL parameters hidden due to hide_parameters=True]
2026-06-21 18:53:29,819 INFO sqlalchemy.engine.Engine UPDATE knowledge_parse_tasks SET status=%(status)s, finished_at=%(finished_at)s WHERE knowledge_parse_tasks.id = %(knowledge_parse_tasks_id)s
2026-06-21 18:53:29,820 INFO sqlalchemy.engine.Engine [cached since 0.1548s ago] [SQL parameters hidden due to hide_parameters=True]
2026-06-21 18:53:29,821 INFO sqlalchemy.engine.Engine COMMIT
2026-06-21 18:53:29,828 INFO sqlalchemy.engine.Engine BEGIN (implicit)
2026-06-21 18:53:29,829 INFO sqlalchemy.engine.Engine SELECT knowledge_parse_tasks.id AS knowledge_parse_tasks_id, knowledge_parse_tasks.document_id AS knowledge_parse_tasks_document_id, knowledge_parse_tasks.status AS knowledge_parse_tasks_status, knowledge_parse_tasks.created_at AS knowledge_parse_tasks_created_at, knowledge_parse_tasks.started_at AS knowledge_parse_tasks_started_at, knowledge_parse_tasks.finished_at AS knowledge_parse_tasks_finished_at, knowledge_parse_tasks.error_message AS knowledge_parse_tasks_error_message 
FROM knowledge_parse_tasks 
WHERE knowledge_parse_tasks.id = %(id_1)s 
 LIMIT %(param_1)s
2026-06-21 18:53:29,830 INFO sqlalchemy.engine.Engine [cached since 0.2881s ago] [SQL parameters hidden due to hide_parameters=True]
2026-06-21 18:53:29,832 INFO sqlalchemy.engine.Engine SELECT knowledge_documents.id AS knowledge_documents_id, knowledge_documents.source_type AS knowledge_documents_source_type, knowledge_documents.source_id AS knowledge_documents_source_id, knowledge_documents.sku AS knowledge_documents_sku, knowledge_documents.title AS knowledge_documents_title, knowledge_documents.content AS knowledge_documents_content, knowledge_documents.metadata_json AS knowledge_documents_metadata_json, knowledge_documents.file_name AS knowledge_documents_file_name, knowledge_documents.file_path AS knowledge_documents_file_path, knowledge_documents.file_type AS knowledge_documents_file_type, knowledge_documents.file_hash AS knowledge_documents_file_hash, knowledge_documents.page_count AS knowledge_documents_page_count, knowledge_documents.parse_status AS knowledge_documents_parse_status, knowledge_documents.parse_error AS knowledge_documents_parse_error, knowledge_documents.related_skus_json AS knowledge_documents_related_skus_json, knowledge_documents.is_active AS knowledge_documents_is_active, knowledge_documents.created_by AS knowledge_documents_created_by, knowledge_documents.created_at AS knowledge_documents_created_at, knowledge_documents.updated_at AS knowledge_documents_updated_at 
FROM knowledge_documents 
WHERE knowledge_documents.id = %(id_1)s 
 LIMIT %(param_1)s
2026-06-21 18:53:29,832 INFO sqlalchemy.engine.Engine [cached since 0.283s ago] [SQL parameters hidden due to hide_parameters=True]
2026-06-21 18:53:29,833 INFO sqlalchemy.engine.Engine UPDATE knowledge_parse_tasks SET status=%(status)s, started_at=%(started_at)s WHERE knowledge_parse_tasks.id = %(knowledge_parse_tasks_id)s
2026-06-21 18:53:29,834 INFO sqlalchemy.engine.Engine [cached since 0.2729s ago] [SQL parameters hidden due to hide_parameters=True]
2026-06-21 18:53:29,835 INFO sqlalchemy.engine.Engine COMMIT
2026-06-21 18:53:29,836 INFO sqlalchemy.engine.Engine BEGIN (implicit)
2026-06-21 18:53:29,836 INFO sqlalchemy.engine.Engine SELECT knowledge_documents.id AS knowledge_documents_id, knowledge_documents.source_type AS knowledge_documents_source_type, knowledge_documents.source_id AS knowledge_documents_source_id, knowledge_documents.sku AS knowledge_documents_sku, knowledge_documents.title AS knowledge_documents_title, knowledge_documents.content AS knowledge_documents_content, knowledge_documents.metadata_json AS knowledge_documents_metadata_json, knowledge_documents.file_name AS knowledge_documents_file_name, knowledge_documents.file_path AS knowledge_documents_file_path, knowledge_documents.file_type AS knowledge_documents_file_type, knowledge_documents.file_hash AS knowledge_documents_file_hash, knowledge_documents.page_count AS knowledge_documents_page_count, knowledge_documents.parse_status AS knowledge_documents_parse_status, knowledge_documents.parse_error AS knowledge_documents_parse_error, knowledge_documents.related_skus_json AS knowledge_documents_related_skus_json, knowledge_documents.is_active AS knowledge_documents_is_active, knowledge_documents.created_by AS knowledge_documents_created_by, knowledge_documents.created_at AS knowledge_documents_created_at, knowledge_documents.updated_at AS knowledge_documents_updated_at 
FROM knowledge_documents 
WHERE knowledge_documents.id = %(pk_1)s
2026-06-21 18:53:29,837 INFO sqlalchemy.engine.Engine [cached since 0.2607s ago] [SQL parameters hidden due to hide_parameters=True]
2026-06-21 18:53:29,933 INFO sqlalchemy.engine.Engine DELETE FROM knowledge_chunks WHERE knowledge_chunks.document_id = %(document_id_1)s
2026-06-21 18:53:29,955 INFO sqlalchemy.engine.Engine [cached since 0.3716s ago] [SQL parameters hidden due to hide_parameters=True]
2026-06-21 18:53:29,956 INFO sqlalchemy.engine.Engine INSERT INTO knowledge_chunks (id, document_id, sku, source_type, chunk_index, content, metadata_json, embedding_model, embedding_status, embedding_error, created_at, updated_at) VALUES (%(id)s, %(document_id)s, %(sku)s, %(source_type)s, %(chunk_index)s, %(content)s, %(metadata_json)s, %(embedding_model)s, %(embedding_status)s, %(embedding_error)s, %(created_at)s, %(updated_at)s)
2026-06-21 18:53:29,957 INFO sqlalchemy.engine.Engine [cached since 0.3345s ago] [SQL parameters hidden due to hide_parameters=True]
2026-06-21 18:53:29,958 INFO sqlalchemy.engine.Engine UPDATE knowledge_documents SET content=%(content)s, metadata_json=%(metadata_json)s, page_count=%(page_count)s, parse_status=%(parse_status)s, updated_at=%(updated_at)s WHERE knowledge_documents.id = %(knowledge_documents_id)s
2026-06-21 18:53:29,959 INFO sqlalchemy.engine.Engine [cached since 0.3195s ago] [SQL parameters hidden due to hide_parameters=True]
2026-06-21 18:53:29,960 INFO sqlalchemy.engine.Engine COMMIT
2026-06-21 18:53:29,970 INFO sqlalchemy.engine.Engine BEGIN (implicit)
2026-06-21 18:53:29,979 INFO sqlalchemy.engine.Engine SELECT knowledge_documents.id, knowledge_documents.source_type, knowledge_documents.source_id, knowledge_documents.sku, knowledge_documents.title, knowledge_documents.content, knowledge_documents.metadata_json, knowledge_documents.file_name, knowledge_documents.file_path, knowledge_documents.file_type, knowledge_documents.file_hash, knowledge_documents.page_count, knowledge_documents.parse_status, knowledge_documents.parse_error, knowledge_documents.related_skus_json, knowledge_documents.is_active, knowledge_documents.created_by, knowledge_documents.created_at, knowledge_documents.updated_at 
FROM knowledge_documents 
WHERE knowledge_documents.id = %(pk_1)s
2026-06-21 18:53:29,981 INFO sqlalchemy.engine.Engine [cached since 0.3196s ago] [SQL parameters hidden due to hide_parameters=True]
2026-06-21 18:53:29,984 INFO sqlalchemy.engine.Engine SELECT knowledge_parse_tasks.id AS knowledge_parse_tasks_id, knowledge_parse_tasks.document_id AS knowledge_parse_tasks_document_id, knowledge_parse_tasks.status AS knowledge_parse_tasks_status, knowledge_parse_tasks.created_at AS knowledge_parse_tasks_created_at, knowledge_parse_tasks.started_at AS knowledge_parse_tasks_started_at, knowledge_parse_tasks.finished_at AS knowledge_parse_tasks_finished_at, knowledge_parse_tasks.error_message AS knowledge_parse_tasks_error_message 
FROM knowledge_parse_tasks 
WHERE knowledge_parse_tasks.id = %(id_1)s 
 LIMIT %(param_1)s
2026-06-21 18:53:29,985 INFO sqlalchemy.engine.Engine [cached since 0.4432s ago] [SQL parameters hidden due to hide_parameters=True]
2026-06-21 18:53:29,986 INFO sqlalchemy.engine.Engine UPDATE knowledge_parse_tasks SET status=%(status)s, finished_at=%(finished_at)s WHERE knowledge_parse_tasks.id = %(knowledge_parse_tasks_id)s
2026-06-21 18:53:29,987 INFO sqlalchemy.engine.Engine [cached since 0.3216s ago] [SQL parameters hidden due to hide_parameters=True]
2026-06-21 18:53:29,988 INFO sqlalchemy.engine.Engine COMMIT
2026-06-21 18:53:29,995 INFO sqlalchemy.engine.Engine BEGIN (implicit)
2026-06-21 18:53:29,996 INFO sqlalchemy.engine.Engine SELECT knowledge_parse_tasks.id AS knowledge_parse_tasks_id, knowledge_parse_tasks.document_id AS knowledge_parse_tasks_document_id, knowledge_parse_tasks.status AS knowledge_parse_tasks_status, knowledge_parse_tasks.created_at AS knowledge_parse_tasks_created_at, knowledge_parse_tasks.started_at AS knowledge_parse_tasks_started_at, knowledge_parse_tasks.finished_at AS knowledge_parse_tasks_finished_at, knowledge_parse_tasks.error_message AS knowledge_parse_tasks_error_message 
FROM knowledge_parse_tasks 
WHERE knowledge_parse_tasks.id = %(id_1)s 
 LIMIT %(param_1)s
2026-06-21 18:53:29,997 INFO sqlalchemy.engine.Engine [cached since 0.4548s ago] [SQL parameters hidden due to hide_parameters=True]
2026-06-21 18:53:29,998 INFO sqlalchemy.engine.Engine SELECT knowledge_documents.id AS knowledge_documents_id, knowledge_documents.source_type AS knowledge_documents_source_type, knowledge_documents.source_id AS knowledge_documents_source_id, knowledge_documents.sku AS knowledge_documents_sku, knowledge_documents.title AS knowledge_documents_title, knowledge_documents.content AS knowledge_documents_content, knowledge_documents.metadata_json AS knowledge_documents_metadata_json, knowledge_documents.file_name AS knowledge_documents_file_name, knowledge_documents.file_path AS knowledge_documents_file_path, knowledge_documents.file_type AS knowledge_documents_file_type, knowledge_documents.file_hash AS knowledge_documents_file_hash, knowledge_documents.page_count AS knowledge_documents_page_count, knowledge_documents.parse_status AS knowledge_documents_parse_status, knowledge_documents.parse_error AS knowledge_documents_parse_error, knowledge_documents.related_skus_json AS knowledge_documents_related_skus_json, knowledge_documents.is_active AS knowledge_documents_is_active, knowledge_documents.created_by AS knowledge_documents_created_by, knowledge_documents.created_at AS knowledge_documents_created_at, knowledge_documents.updated_at AS knowledge_documents_updated_at 
FROM knowledge_documents 
WHERE knowledge_documents.id = %(id_1)s 
 LIMIT %(param_1)s
2026-06-21 18:53:29,999 INFO sqlalchemy.engine.Engine [cached since 0.4497s ago] [SQL parameters hidden due to hide_parameters=True]
2026-06-21 18:53:30,000 INFO sqlalchemy.engine.Engine UPDATE knowledge_parse_tasks SET status=%(status)s, started_at=%(started_at)s WHERE knowledge_parse_tasks.id = %(knowledge_parse_tasks_id)s
2026-06-21 18:53:30,001 INFO sqlalchemy.engine.Engine [cached since 0.44s ago] [SQL parameters hidden due to hide_parameters=True]
2026-06-21 18:53:30,002 INFO sqlalchemy.engine.Engine COMMIT
2026-06-21 18:53:30,003 INFO sqlalchemy.engine.Engine BEGIN (implicit)
2026-06-21 18:53:30,004 INFO sqlalchemy.engine.Engine SELECT knowledge_documents.id AS knowledge_documents_id, knowledge_documents.source_type AS knowledge_documents_source_type, knowledge_documents.source_id AS knowledge_documents_source_id, knowledge_documents.sku AS knowledge_documents_sku, knowledge_documents.title AS knowledge_documents_title, knowledge_documents.content AS knowledge_documents_content, knowledge_documents.metadata_json AS knowledge_documents_metadata_json, knowledge_documents.file_name AS knowledge_documents_file_name, knowledge_documents.file_path AS knowledge_documents_file_path, knowledge_documents.file_type AS knowledge_documents_file_type, knowledge_documents.file_hash AS knowledge_documents_file_hash, knowledge_documents.page_count AS knowledge_documents_page_count, knowledge_documents.parse_status AS knowledge_documents_parse_status, knowledge_documents.parse_error AS knowledge_documents_parse_error, knowledge_documents.related_skus_json AS knowledge_documents_related_skus_json, knowledge_documents.is_active AS knowledge_documents_is_active, knowledge_documents.created_by AS knowledge_documents_created_by, knowledge_documents.created_at AS knowledge_documents_created_at, knowledge_documents.updated_at AS knowledge_documents_updated_at 
FROM knowledge_documents 
WHERE knowledge_documents.id = %(pk_1)s
2026-06-21 18:53:30,004 INFO sqlalchemy.engine.Engine [cached since 0.4281s ago] [SQL parameters hidden due to hide_parameters=True]
2026-06-21 18:53:30,267 INFO sqlalchemy.engine.Engine DELETE FROM knowledge_chunks WHERE knowledge_chunks.document_id = %(document_id_1)s
2026-06-21 18:53:30,269 INFO sqlalchemy.engine.Engine [cached since 0.6851s ago] [SQL parameters hidden due to hide_parameters=True]
2026-06-21 18:53:30,270 INFO sqlalchemy.engine.Engine INSERT INTO knowledge_chunks (id, document_id, sku, source_type, chunk_index, content, metadata_json, embedding_model, embedding_status, embedding_error, created_at, updated_at) VALUES (%(id)s, %(document_id)s, %(sku)s, %(source_type)s, %(chunk_index)s, %(content)s, %(metadata_json)s, %(embedding_model)s, %(embedding_status)s, %(embedding_error)s, %(created_at)s, %(updated_at)s)
2026-06-21 18:53:30,271 INFO sqlalchemy.engine.Engine [cached since 0.6489s ago] [SQL parameters hidden due to hide_parameters=True]
2026-06-21 18:53:30,274 INFO sqlalchemy.engine.Engine UPDATE knowledge_documents SET content=%(content)s, metadata_json=%(metadata_json)s, page_count=%(page_count)s, parse_status=%(parse_status)s, updated_at=%(updated_at)s WHERE knowledge_documents.id = %(knowledge_documents_id)s
2026-06-21 18:53:30,275 INFO sqlalchemy.engine.Engine [cached since 0.636s ago] [SQL parameters hidden due to hide_parameters=True]
2026-06-21 18:53:30,277 INFO sqlalchemy.engine.Engine COMMIT
2026-06-21 18:53:30,288 INFO sqlalchemy.engine.Engine BEGIN (implicit)
2026-06-21 18:53:30,315 INFO sqlalchemy.engine.Engine SELECT knowledge_documents.id, knowledge_documents.source_type, knowledge_documents.source_id, knowledge_documents.sku, knowledge_documents.title, knowledge_documents.content, knowledge_documents.metadata_json, knowledge_documents.file_name, knowledge_documents.file_path, knowledge_documents.file_type, knowledge_documents.file_hash, knowledge_documents.page_count, knowledge_documents.parse_status, knowledge_documents.parse_error, knowledge_documents.related_skus_json, knowledge_documents.is_active, knowledge_documents.created_by, knowledge_documents.created_at, knowledge_documents.updated_at 
FROM knowledge_documents 
WHERE knowledge_documents.id = %(pk_1)s
2026-06-21 18:53:30,315 INFO sqlalchemy.engine.Engine [cached since 0.6541s ago] [SQL parameters hidden due to hide_parameters=True]
2026-06-21 18:53:30,317 INFO sqlalchemy.engine.Engine SELECT knowledge_parse_tasks.id AS knowledge_parse_tasks_id, knowledge_parse_tasks.document_id AS knowledge_parse_tasks_document_id, knowledge_parse_tasks.status AS knowledge_parse_tasks_status, knowledge_parse_tasks.created_at AS knowledge_parse_tasks_created_at, knowledge_parse_tasks.started_at AS knowledge_parse_tasks_started_at, knowledge_parse_tasks.finished_at AS knowledge_parse_tasks_finished_at, knowledge_parse_tasks.error_message AS knowledge_parse_tasks_error_message 
FROM knowledge_parse_tasks 
WHERE knowledge_parse_tasks.id = %(id_1)s 
 LIMIT %(param_1)s
2026-06-21 18:53:30,318 INFO sqlalchemy.engine.Engine [cached since 0.7759s ago] [SQL parameters hidden due to hide_parameters=True]
2026-06-21 18:53:30,320 INFO sqlalchemy.engine.Engine UPDATE knowledge_parse_tasks SET status=%(status)s, finished_at=%(finished_at)s WHERE knowledge_parse_tasks.id = %(knowledge_parse_tasks_id)s
2026-06-21 18:53:30,320 INFO sqlalchemy.engine.Engine [cached since 0.655s ago] [SQL parameters hidden due to hide_parameters=True]
2026-06-21 18:53:30,322 INFO sqlalchemy.engine.Engine COMMIT
2026-06-21 18:55:03,103 INFO sqlalchemy.engine.Engine BEGIN (implicit)
2026-06-21 18:55:03,104 INFO sqlalchemy.engine.Engine SELECT knowledge_parse_tasks.id AS knowledge_parse_tasks_id, knowledge_parse_tasks.document_id AS knowledge_parse_tasks_document_id, knowledge_parse_tasks.status AS knowledge_parse_tasks_status, knowledge_parse_tasks.created_at AS knowledge_parse_tasks_created_at, knowledge_parse_tasks.started_at AS knowledge_parse_tasks_started_at, knowledge_parse_tasks.finished_at AS knowledge_parse_tasks_finished_at, knowledge_parse_tasks.error_message AS knowledge_parse_tasks_error_message 
FROM knowledge_parse_tasks 
WHERE knowledge_parse_tasks.id = %(id_1)s 
 LIMIT %(param_1)s
2026-06-21 18:55:03,104 INFO sqlalchemy.engine.Engine [cached since 93.56s ago] [SQL parameters hidden due to hide_parameters=True]
2026-06-21 18:55:03,106 INFO sqlalchemy.engine.Engine SELECT knowledge_documents.id AS knowledge_documents_id, knowledge_documents.source_type AS knowledge_documents_source_type, knowledge_documents.source_id AS knowledge_documents_source_id, knowledge_documents.sku AS knowledge_documents_sku, knowledge_documents.title AS knowledge_documents_title, knowledge_documents.content AS knowledge_documents_content, knowledge_documents.metadata_json AS knowledge_documents_metadata_json, knowledge_documents.file_name AS knowledge_documents_file_name, knowledge_documents.file_path AS knowledge_documents_file_path, knowledge_documents.file_type AS knowledge_documents_file_type, knowledge_documents.file_hash AS knowledge_documents_file_hash, knowledge_documents.page_count AS knowledge_documents_page_count, knowledge_documents.parse_status AS knowledge_documents_parse_status, knowledge_documents.parse_error AS knowledge_documents_parse_error, knowledge_documents.related_skus_json AS knowledge_documents_related_skus_json, knowledge_documents.is_active AS knowledge_documents_is_active, knowledge_documents.created_by AS knowledge_documents_created_by, knowledge_documents.created_at AS knowledge_documents_created_at, knowledge_documents.updated_at AS knowledge_documents_updated_at 
FROM knowledge_documents 
WHERE knowledge_documents.id = %(id_1)s 
 LIMIT %(param_1)s
2026-06-21 18:55:03,106 INFO sqlalchemy.engine.Engine [cached since 93.56s ago] [SQL parameters hidden due to hide_parameters=True]
2026-06-21 18:55:03,109 INFO sqlalchemy.engine.Engine UPDATE knowledge_parse_tasks SET status=%(status)s, started_at=%(started_at)s WHERE knowledge_parse_tasks.id = %(knowledge_parse_tasks_id)s
2026-06-21 18:55:03,110 INFO sqlalchemy.engine.Engine [cached since 93.55s ago] [SQL parameters hidden due to hide_parameters=True]
2026-06-21 18:55:03,111 INFO sqlalchemy.engine.Engine COMMIT
2026-06-21 18:55:03,112 INFO sqlalchemy.engine.Engine BEGIN (implicit)
2026-06-21 18:55:03,113 INFO sqlalchemy.engine.Engine SELECT knowledge_documents.id AS knowledge_documents_id, knowledge_documents.source_type AS knowledge_documents_source_type, knowledge_documents.source_id AS knowledge_documents_source_id, knowledge_documents.sku AS knowledge_documents_sku, knowledge_documents.title AS knowledge_documents_title, knowledge_documents.content AS knowledge_documents_content, knowledge_documents.metadata_json AS knowledge_documents_metadata_json, knowledge_documents.file_name AS knowledge_documents_file_name, knowledge_documents.file_path AS knowledge_documents_file_path, knowledge_documents.file_type AS knowledge_documents_file_type, knowledge_documents.file_hash AS knowledge_documents_file_hash, knowledge_documents.page_count AS knowledge_documents_page_count, knowledge_documents.parse_status AS knowledge_documents_parse_status, knowledge_documents.parse_error AS knowledge_documents_parse_error, knowledge_documents.related_skus_json AS knowledge_documents_related_skus_json, knowledge_documents.is_active AS knowledge_documents_is_active, knowledge_documents.created_by AS knowledge_documents_created_by, knowledge_documents.created_at AS knowledge_documents_created_at, knowledge_documents.updated_at AS knowledge_documents_updated_at 
FROM knowledge_documents 
WHERE knowledge_documents.id = %(pk_1)s
2026-06-21 18:55:03,114 INFO sqlalchemy.engine.Engine [cached since 93.54s ago] [SQL parameters hidden due to hide_parameters=True]
2026-06-21 18:55:03,118 INFO sqlalchemy.engine.Engine DELETE FROM knowledge_chunks WHERE knowledge_chunks.document_id = %(document_id_1)s
2026-06-21 18:55:03,119 INFO sqlalchemy.engine.Engine [cached since 93.54s ago] [SQL parameters hidden due to hide_parameters=True]
2026-06-21 18:55:03,120 INFO sqlalchemy.engine.Engine INSERT INTO knowledge_chunks (id, document_id, sku, source_type, chunk_index, content, metadata_json, embedding_model, embedding_status, embedding_error, created_at, updated_at) VALUES (%(id)s, %(document_id)s, %(sku)s, %(source_type)s, %(chunk_index)s, %(content)s, %(metadata_json)s, %(embedding_model)s, %(embedding_status)s, %(embedding_error)s, %(created_at)s, %(updated_at)s)
2026-06-21 18:55:03,121 INFO sqlalchemy.engine.Engine [cached since 93.5s ago] [SQL parameters hidden due to hide_parameters=True]
2026-06-21 18:55:03,122 INFO sqlalchemy.engine.Engine UPDATE knowledge_documents SET content=%(content)s, metadata_json=%(metadata_json)s, page_count=%(page_count)s, parse_status=%(parse_status)s, updated_at=%(updated_at)s WHERE knowledge_documents.id = %(knowledge_documents_id)s
2026-06-21 18:55:03,123 INFO sqlalchemy.engine.Engine [cached since 93.48s ago] [SQL parameters hidden due to hide_parameters=True]
2026-06-21 18:55:03,124 INFO sqlalchemy.engine.Engine COMMIT
2026-06-21 18:55:03,126 INFO sqlalchemy.engine.Engine BEGIN (implicit)
2026-06-21 18:55:03,127 INFO sqlalchemy.engine.Engine SELECT knowledge_documents.id, knowledge_documents.source_type, knowledge_documents.source_id, knowledge_documents.sku, knowledge_documents.title, knowledge_documents.content, knowledge_documents.metadata_json, knowledge_documents.file_name, knowledge_documents.file_path, knowledge_documents.file_type, knowledge_documents.file_hash, knowledge_documents.page_count, knowledge_documents.parse_status, knowledge_documents.parse_error, knowledge_documents.related_skus_json, knowledge_documents.is_active, knowledge_documents.created_by, knowledge_documents.created_at, knowledge_documents.updated_at 
FROM knowledge_documents 
WHERE knowledge_documents.id = %(pk_1)s
2026-06-21 18:55:03,128 INFO sqlalchemy.engine.Engine [cached since 93.47s ago] [SQL parameters hidden due to hide_parameters=True]
2026-06-21 18:55:03,129 INFO sqlalchemy.engine.Engine SELECT knowledge_parse_tasks.id AS knowledge_parse_tasks_id, knowledge_parse_tasks.document_id AS knowledge_parse_tasks_document_id, knowledge_parse_tasks.status AS knowledge_parse_tasks_status, knowledge_parse_tasks.created_at AS knowledge_parse_tasks_created_at, knowledge_parse_tasks.started_at AS knowledge_parse_tasks_started_at, knowledge_parse_tasks.finished_at AS knowledge_parse_tasks_finished_at, knowledge_parse_tasks.error_message AS knowledge_parse_tasks_error_message 
FROM knowledge_parse_tasks 
WHERE knowledge_parse_tasks.id = %(id_1)s 
 LIMIT %(param_1)s
2026-06-21 18:55:03,130 INFO sqlalchemy.engine.Engine [cached since 93.59s ago] [SQL parameters hidden due to hide_parameters=True]
2026-06-21 18:55:03,131 INFO sqlalchemy.engine.Engine UPDATE knowledge_parse_tasks SET status=%(status)s, finished_at=%(finished_at)s WHERE knowledge_parse_tasks.id = %(knowledge_parse_tasks_id)s
2026-06-21 18:55:03,132 INFO sqlalchemy.engine.Engine [cached since 93.47s ago] [SQL parameters hidden due to hide_parameters=True]
2026-06-21 18:55:03,133 INFO sqlalchemy.engine.Engine COMMIT
2026-06-21 18:55:03,142 INFO sqlalchemy.engine.Engine BEGIN (implicit)
2026-06-21 18:55:03,149 INFO sqlalchemy.engine.Engine SELECT knowledge_parse_tasks.id AS knowledge_parse_tasks_id, knowledge_parse_tasks.document_id AS knowledge_parse_tasks_document_id, knowledge_parse_tasks.status AS knowledge_parse_tasks_status, knowledge_parse_tasks.created_at AS knowledge_parse_tasks_created_at, knowledge_parse_tasks.started_at AS knowledge_parse_tasks_started_at, knowledge_parse_tasks.finished_at AS knowledge_parse_tasks_finished_at, knowledge_parse_tasks.error_message AS knowledge_parse_tasks_error_message 
FROM knowledge_parse_tasks 
WHERE knowledge_parse_tasks.id = %(id_1)s 
 LIMIT %(param_1)s
2026-06-21 18:55:03,150 INFO sqlalchemy.engine.Engine [cached since 93.61s ago] [SQL parameters hidden due to hide_parameters=True]
2026-06-21 18:55:03,151 INFO sqlalchemy.engine.Engine SELECT knowledge_documents.id AS knowledge_documents_id, knowledge_documents.source_type AS knowledge_documents_source_type, knowledge_documents.source_id AS knowledge_documents_source_id, knowledge_documents.sku AS knowledge_documents_sku, knowledge_documents.title AS knowledge_documents_title, knowledge_documents.content AS knowledge_documents_content, knowledge_documents.metadata_json AS knowledge_documents_metadata_json, knowledge_documents.file_name AS knowledge_documents_file_name, knowledge_documents.file_path AS knowledge_documents_file_path, knowledge_documents.file_type AS knowledge_documents_file_type, knowledge_documents.file_hash AS knowledge_documents_file_hash, knowledge_documents.page_count AS knowledge_documents_page_count, knowledge_documents.parse_status AS knowledge_documents_parse_status, knowledge_documents.parse_error AS knowledge_documents_parse_error, knowledge_documents.related_skus_json AS knowledge_documents_related_skus_json, knowledge_documents.is_active AS knowledge_documents_is_active, knowledge_documents.created_by AS knowledge_documents_created_by, knowledge_documents.created_at AS knowledge_documents_created_at, knowledge_documents.updated_at AS knowledge_documents_updated_at 
FROM knowledge_documents 
WHERE knowledge_documents.id = %(id_1)s 
 LIMIT %(param_1)s
2026-06-21 18:55:03,152 INFO sqlalchemy.engine.Engine [cached since 93.6s ago] [SQL parameters hidden due to hide_parameters=True]
2026-06-21 18:55:03,153 INFO sqlalchemy.engine.Engine UPDATE knowledge_parse_tasks SET status=%(status)s, started_at=%(started_at)s WHERE knowledge_parse_tasks.id = %(knowledge_parse_tasks_id)s
2026-06-21 18:55:03,154 INFO sqlalchemy.engine.Engine [cached since 93.59s ago] [SQL parameters hidden due to hide_parameters=True]
2026-06-21 18:55:03,155 INFO sqlalchemy.engine.Engine COMMIT
2026-06-21 18:55:03,156 INFO sqlalchemy.engine.Engine BEGIN (implicit)
2026-06-21 18:55:03,157 INFO sqlalchemy.engine.Engine SELECT knowledge_documents.id AS knowledge_documents_id, knowledge_documents.source_type AS knowledge_documents_source_type, knowledge_documents.source_id AS knowledge_documents_source_id, knowledge_documents.sku AS knowledge_documents_sku, knowledge_documents.title AS knowledge_documents_title, knowledge_documents.content AS knowledge_documents_content, knowledge_documents.metadata_json AS knowledge_documents_metadata_json, knowledge_documents.file_name AS knowledge_documents_file_name, knowledge_documents.file_path AS knowledge_documents_file_path, knowledge_documents.file_type AS knowledge_documents_file_type, knowledge_documents.file_hash AS knowledge_documents_file_hash, knowledge_documents.page_count AS knowledge_documents_page_count, knowledge_documents.parse_status AS knowledge_documents_parse_status, knowledge_documents.parse_error AS knowledge_documents_parse_error, knowledge_documents.related_skus_json AS knowledge_documents_related_skus_json, knowledge_documents.is_active AS knowledge_documents_is_active, knowledge_documents.created_by AS knowledge_documents_created_by, knowledge_documents.created_at AS knowledge_documents_created_at, knowledge_documents.updated_at AS knowledge_documents_updated_at 
FROM knowledge_documents 
WHERE knowledge_documents.id = %(pk_1)s
2026-06-21 18:55:03,158 INFO sqlalchemy.engine.Engine [cached since 93.58s ago] [SQL parameters hidden due to hide_parameters=True]
2026-06-21 18:55:03,164 INFO sqlalchemy.engine.Engine DELETE FROM knowledge_chunks WHERE knowledge_chunks.document_id = %(document_id_1)s
2026-06-21 18:55:03,171 INFO sqlalchemy.engine.Engine [cached since 93.59s ago] [SQL parameters hidden due to hide_parameters=True]
2026-06-21 18:55:03,172 INFO sqlalchemy.engine.Engine INSERT INTO knowledge_chunks (id, document_id, sku, source_type, chunk_index, content, metadata_json, embedding_model, embedding_status, embedding_error, created_at, updated_at) VALUES (%(id)s, %(document_id)s, %(sku)s, %(source_type)s, %(chunk_index)s, %(content)s, %(metadata_json)s, %(embedding_model)s, %(embedding_status)s, %(embedding_error)s, %(created_at)s, %(updated_at)s)
2026-06-21 18:55:03,173 INFO sqlalchemy.engine.Engine [cached since 93.55s ago] [SQL parameters hidden due to hide_parameters=True]
2026-06-21 18:55:03,174 INFO sqlalchemy.engine.Engine UPDATE knowledge_documents SET content=%(content)s, metadata_json=%(metadata_json)s, page_count=%(page_count)s, parse_status=%(parse_status)s, updated_at=%(updated_at)s WHERE knowledge_documents.id = %(knowledge_documents_id)s
2026-06-21 18:55:03,174 INFO sqlalchemy.engine.Engine [cached since 93.53s ago] [SQL parameters hidden due to hide_parameters=True]
2026-06-21 18:55:03,175 INFO sqlalchemy.engine.Engine COMMIT
2026-06-21 18:55:03,177 INFO sqlalchemy.engine.Engine BEGIN (implicit)
2026-06-21 18:55:03,178 INFO sqlalchemy.engine.Engine SELECT knowledge_documents.id, knowledge_documents.source_type, knowledge_documents.source_id, knowledge_documents.sku, knowledge_documents.title, knowledge_documents.content, knowledge_documents.metadata_json, knowledge_documents.file_name, knowledge_documents.file_path, knowledge_documents.file_type, knowledge_documents.file_hash, knowledge_documents.page_count, knowledge_documents.parse_status, knowledge_documents.parse_error, knowledge_documents.related_skus_json, knowledge_documents.is_active, knowledge_documents.created_by, knowledge_documents.created_at, knowledge_documents.updated_at 
FROM knowledge_documents 
WHERE knowledge_documents.id = %(pk_1)s
2026-06-21 18:55:03,179 INFO sqlalchemy.engine.Engine [cached since 93.52s ago] [SQL parameters hidden due to hide_parameters=True]
2026-06-21 18:55:03,180 INFO sqlalchemy.engine.Engine SELECT knowledge_parse_tasks.id AS knowledge_parse_tasks_id, knowledge_parse_tasks.document_id AS knowledge_parse_tasks_document_id, knowledge_parse_tasks.status AS knowledge_parse_tasks_status, knowledge_parse_tasks.created_at AS knowledge_parse_tasks_created_at, knowledge_parse_tasks.started_at AS knowledge_parse_tasks_started_at, knowledge_parse_tasks.finished_at AS knowledge_parse_tasks_finished_at, knowledge_parse_tasks.error_message AS knowledge_parse_tasks_error_message 
FROM knowledge_parse_tasks 
WHERE knowledge_parse_tasks.id = %(id_1)s 
 LIMIT %(param_1)s
2026-06-21 18:55:03,181 INFO sqlalchemy.engine.Engine [cached since 93.64s ago] [SQL parameters hidden due to hide_parameters=True]
2026-06-21 18:55:03,182 INFO sqlalchemy.engine.Engine UPDATE knowledge_parse_tasks SET status=%(status)s, finished_at=%(finished_at)s WHERE knowledge_parse_tasks.id = %(knowledge_parse_tasks_id)s
2026-06-21 18:55:03,183 INFO sqlalchemy.engine.Engine [cached since 93.52s ago] [SQL parameters hidden due to hide_parameters=True]
2026-06-21 18:55:03,184 INFO sqlalchemy.engine.Engine COMMIT
2026-06-21 18:55:03,193 INFO sqlalchemy.engine.Engine BEGIN (implicit)
2026-06-21 18:55:03,199 INFO sqlalchemy.engine.Engine SELECT knowledge_parse_tasks.id AS knowledge_parse_tasks_id, knowledge_parse_tasks.document_id AS knowledge_parse_tasks_document_id, knowledge_parse_tasks.status AS knowledge_parse_tasks_status, knowledge_parse_tasks.created_at AS knowledge_parse_tasks_created_at, knowledge_parse_tasks.started_at AS knowledge_parse_tasks_started_at, knowledge_parse_tasks.finished_at AS knowledge_parse_tasks_finished_at, knowledge_parse_tasks.error_message AS knowledge_parse_tasks_error_message 
FROM knowledge_parse_tasks 
WHERE knowledge_parse_tasks.id = %(id_1)s 
 LIMIT %(param_1)s
2026-06-21 18:55:03,200 INFO sqlalchemy.engine.Engine [cached since 93.66s ago] [SQL parameters hidden due to hide_parameters=True]
2026-06-21 18:55:03,201 INFO sqlalchemy.engine.Engine SELECT knowledge_documents.id AS knowledge_documents_id, knowledge_documents.source_type AS knowledge_documents_source_type, knowledge_documents.source_id AS knowledge_documents_source_id, knowledge_documents.sku AS knowledge_documents_sku, knowledge_documents.title AS knowledge_documents_title, knowledge_documents.content AS knowledge_documents_content, knowledge_documents.metadata_json AS knowledge_documents_metadata_json, knowledge_documents.file_name AS knowledge_documents_file_name, knowledge_documents.file_path AS knowledge_documents_file_path, knowledge_documents.file_type AS knowledge_documents_file_type, knowledge_documents.file_hash AS knowledge_documents_file_hash, knowledge_documents.page_count AS knowledge_documents_page_count, knowledge_documents.parse_status AS knowledge_documents_parse_status, knowledge_documents.parse_error AS knowledge_documents_parse_error, knowledge_documents.related_skus_json AS knowledge_documents_related_skus_json, knowledge_documents.is_active AS knowledge_documents_is_active, knowledge_documents.created_by AS knowledge_documents_created_by, knowledge_documents.created_at AS knowledge_documents_created_at, knowledge_documents.updated_at AS knowledge_documents_updated_at 
FROM knowledge_documents 
WHERE knowledge_documents.id = %(id_1)s 
 LIMIT %(param_1)s
2026-06-21 18:55:03,202 INFO sqlalchemy.engine.Engine [cached since 93.65s ago] [SQL parameters hidden due to hide_parameters=True]
2026-06-21 18:55:03,204 INFO sqlalchemy.engine.Engine UPDATE knowledge_parse_tasks SET status=%(status)s, started_at=%(started_at)s WHERE knowledge_parse_tasks.id = %(knowledge_parse_tasks_id)s
2026-06-21 18:55:03,205 INFO sqlalchemy.engine.Engine [cached since 93.64s ago] [SQL parameters hidden due to hide_parameters=True]
2026-06-21 18:55:03,206 INFO sqlalchemy.engine.Engine COMMIT
2026-06-21 18:55:03,207 INFO sqlalchemy.engine.Engine BEGIN (implicit)
2026-06-21 18:55:03,208 INFO sqlalchemy.engine.Engine SELECT knowledge_documents.id AS knowledge_documents_id, knowledge_documents.source_type AS knowledge_documents_source_type, knowledge_documents.source_id AS knowledge_documents_source_id, knowledge_documents.sku AS knowledge_documents_sku, knowledge_documents.title AS knowledge_documents_title, knowledge_documents.content AS knowledge_documents_content, knowledge_documents.metadata_json AS knowledge_documents_metadata_json, knowledge_documents.file_name AS knowledge_documents_file_name, knowledge_documents.file_path AS knowledge_documents_file_path, knowledge_documents.file_type AS knowledge_documents_file_type, knowledge_documents.file_hash AS knowledge_documents_file_hash, knowledge_documents.page_count AS knowledge_documents_page_count, knowledge_documents.parse_status AS knowledge_documents_parse_status, knowledge_documents.parse_error AS knowledge_documents_parse_error, knowledge_documents.related_skus_json AS knowledge_documents_related_skus_json, knowledge_documents.is_active AS knowledge_documents_is_active, knowledge_documents.created_by AS knowledge_documents_created_by, knowledge_documents.created_at AS knowledge_documents_created_at, knowledge_documents.updated_at AS knowledge_documents_updated_at 
FROM knowledge_documents 
WHERE knowledge_documents.id = %(pk_1)s
2026-06-21 18:55:03,208 INFO sqlalchemy.engine.Engine [cached since 93.63s ago] [SQL parameters hidden due to hide_parameters=True]
2026-06-21 18:55:03,229 INFO sqlalchemy.engine.Engine DELETE FROM knowledge_chunks WHERE knowledge_chunks.document_id = %(document_id_1)s
2026-06-21 18:55:03,235 INFO sqlalchemy.engine.Engine [cached since 93.65s ago] [SQL parameters hidden due to hide_parameters=True]
2026-06-21 18:55:03,237 INFO sqlalchemy.engine.Engine INSERT INTO knowledge_chunks (id, document_id, sku, source_type, chunk_index, content, metadata_json, embedding_model, embedding_status, embedding_error, created_at, updated_at) VALUES (%(id)s, %(document_id)s, %(sku)s, %(source_type)s, %(chunk_index)s, %(content)s, %(metadata_json)s, %(embedding_model)s, %(embedding_status)s, %(embedding_error)s, %(created_at)s, %(updated_at)s)
2026-06-21 18:55:03,237 INFO sqlalchemy.engine.Engine [cached since 93.61s ago] [SQL parameters hidden due to hide_parameters=True]
2026-06-21 18:55:03,239 INFO sqlalchemy.engine.Engine UPDATE knowledge_documents SET content=%(content)s, metadata_json=%(metadata_json)s, page_count=%(page_count)s, parse_status=%(parse_status)s, updated_at=%(updated_at)s WHERE knowledge_documents.id = %(knowledge_documents_id)s
2026-06-21 18:55:03,239 INFO sqlalchemy.engine.Engine [cached since 93.6s ago] [SQL parameters hidden due to hide_parameters=True]
2026-06-21 18:55:03,240 INFO sqlalchemy.engine.Engine COMMIT
2026-06-21 18:55:03,241 INFO sqlalchemy.engine.Engine BEGIN (implicit)
2026-06-21 18:55:03,242 INFO sqlalchemy.engine.Engine SELECT knowledge_documents.id, knowledge_documents.source_type, knowledge_documents.source_id, knowledge_documents.sku, knowledge_documents.title, knowledge_documents.content, knowledge_documents.metadata_json, knowledge_documents.file_name, knowledge_documents.file_path, knowledge_documents.file_type, knowledge_documents.file_hash, knowledge_documents.page_count, knowledge_documents.parse_status, knowledge_documents.parse_error, knowledge_documents.related_skus_json, knowledge_documents.is_active, knowledge_documents.created_by, knowledge_documents.created_at, knowledge_documents.updated_at 
FROM knowledge_documents 
WHERE knowledge_documents.id = %(pk_1)s
2026-06-21 18:55:03,243 INFO sqlalchemy.engine.Engine [cached since 93.58s ago] [SQL parameters hidden due to hide_parameters=True]
2026-06-21 18:55:03,244 INFO sqlalchemy.engine.Engine SELECT knowledge_parse_tasks.id AS knowledge_parse_tasks_id, knowledge_parse_tasks.document_id AS knowledge_parse_tasks_document_id, knowledge_parse_tasks.status AS knowledge_parse_tasks_status, knowledge_parse_tasks.created_at AS knowledge_parse_tasks_created_at, knowledge_parse_tasks.started_at AS knowledge_parse_tasks_started_at, knowledge_parse_tasks.finished_at AS knowledge_parse_tasks_finished_at, knowledge_parse_tasks.error_message AS knowledge_parse_tasks_error_message 
FROM knowledge_parse_tasks 
WHERE knowledge_parse_tasks.id = %(id_1)s 
 LIMIT %(param_1)s
2026-06-21 18:55:03,245 INFO sqlalchemy.engine.Engine [cached since 93.7s ago] [SQL parameters hidden due to hide_parameters=True]
2026-06-21 18:55:03,246 INFO sqlalchemy.engine.Engine UPDATE knowledge_parse_tasks SET status=%(status)s, finished_at=%(finished_at)s WHERE knowledge_parse_tasks.id = %(knowledge_parse_tasks_id)s
2026-06-21 18:55:03,247 INFO sqlalchemy.engine.Engine [cached since 93.58s ago] [SQL parameters hidden due to hide_parameters=True]
2026-06-21 18:55:03,247 INFO sqlalchemy.engine.Engine COMMIT
2026-06-21 18:55:03,255 INFO sqlalchemy.engine.Engine BEGIN (implicit)
2026-06-21 18:55:03,274 INFO sqlalchemy.engine.Engine SELECT knowledge_parse_tasks.id AS knowledge_parse_tasks_id, knowledge_parse_tasks.document_id AS knowledge_parse_tasks_document_id, knowledge_parse_tasks.status AS knowledge_parse_tasks_status, knowledge_parse_tasks.created_at AS knowledge_parse_tasks_created_at, knowledge_parse_tasks.started_at AS knowledge_parse_tasks_started_at, knowledge_parse_tasks.finished_at AS knowledge_parse_tasks_finished_at, knowledge_parse_tasks.error_message AS knowledge_parse_tasks_error_message 
FROM knowledge_parse_tasks 
WHERE knowledge_parse_tasks.id = %(id_1)s 
 LIMIT %(param_1)s
2026-06-21 18:55:03,275 INFO sqlalchemy.engine.Engine [cached since 93.73s ago] [SQL parameters hidden due to hide_parameters=True]
2026-06-21 18:55:03,277 INFO sqlalchemy.engine.Engine SELECT knowledge_documents.id AS knowledge_documents_id, knowledge_documents.source_type AS knowledge_documents_source_type, knowledge_documents.source_id AS knowledge_documents_source_id, knowledge_documents.sku AS knowledge_documents_sku, knowledge_documents.title AS knowledge_documents_title, knowledge_documents.content AS knowledge_documents_content, knowledge_documents.metadata_json AS knowledge_documents_metadata_json, knowledge_documents.file_name AS knowledge_documents_file_name, knowledge_documents.file_path AS knowledge_documents_file_path, knowledge_documents.file_type AS knowledge_documents_file_type, knowledge_documents.file_hash AS knowledge_documents_file_hash, knowledge_documents.page_count AS knowledge_documents_page_count, knowledge_documents.parse_status AS knowledge_documents_parse_status, knowledge_documents.parse_error AS knowledge_documents_parse_error, knowledge_documents.related_skus_json AS knowledge_documents_related_skus_json, knowledge_documents.is_active AS knowledge_documents_is_active, knowledge_documents.created_by AS knowledge_documents_created_by, knowledge_documents.created_at AS knowledge_documents_created_at, knowledge_documents.updated_at AS knowledge_documents_updated_at 
FROM knowledge_documents 
WHERE knowledge_documents.id = %(id_1)s 
 LIMIT %(param_1)s
2026-06-21 18:55:03,277 INFO sqlalchemy.engine.Engine [cached since 93.73s ago] [SQL parameters hidden due to hide_parameters=True]
2026-06-21 18:55:03,279 INFO sqlalchemy.engine.Engine UPDATE knowledge_parse_tasks SET status=%(status)s, started_at=%(started_at)s WHERE knowledge_parse_tasks.id = %(knowledge_parse_tasks_id)s
2026-06-21 18:55:03,279 INFO sqlalchemy.engine.Engine [cached since 93.72s ago] [SQL parameters hidden due to hide_parameters=True]
2026-06-21 18:55:03,280 INFO sqlalchemy.engine.Engine COMMIT
2026-06-21 18:55:03,282 INFO sqlalchemy.engine.Engine BEGIN (implicit)
2026-06-21 18:55:03,282 INFO sqlalchemy.engine.Engine SELECT knowledge_documents.id AS knowledge_documents_id, knowledge_documents.source_type AS knowledge_documents_source_type, knowledge_documents.source_id AS knowledge_documents_source_id, knowledge_documents.sku AS knowledge_documents_sku, knowledge_documents.title AS knowledge_documents_title, knowledge_documents.content AS knowledge_documents_content, knowledge_documents.metadata_json AS knowledge_documents_metadata_json, knowledge_documents.file_name AS knowledge_documents_file_name, knowledge_documents.file_path AS knowledge_documents_file_path, knowledge_documents.file_type AS knowledge_documents_file_type, knowledge_documents.file_hash AS knowledge_documents_file_hash, knowledge_documents.page_count AS knowledge_documents_page_count, knowledge_documents.parse_status AS knowledge_documents_parse_status, knowledge_documents.parse_error AS knowledge_documents_parse_error, knowledge_documents.related_skus_json AS knowledge_documents_related_skus_json, knowledge_documents.is_active AS knowledge_documents_is_active, knowledge_documents.created_by AS knowledge_documents_created_by, knowledge_documents.created_at AS knowledge_documents_created_at, knowledge_documents.updated_at AS knowledge_documents_updated_at 
FROM knowledge_documents 
WHERE knowledge_documents.id = %(pk_1)s
2026-06-21 18:55:03,283 INFO sqlalchemy.engine.Engine [cached since 93.71s ago] [SQL parameters hidden due to hide_parameters=True]
2026-06-21 18:55:03,294 INFO sqlalchemy.engine.Engine DELETE FROM knowledge_chunks WHERE knowledge_chunks.document_id = %(document_id_1)s
2026-06-21 18:55:03,296 INFO sqlalchemy.engine.Engine [cached since 93.71s ago] [SQL parameters hidden due to hide_parameters=True]
2026-06-21 18:55:03,298 INFO sqlalchemy.engine.Engine INSERT INTO knowledge_chunks (id, document_id, sku, source_type, chunk_index, content, metadata_json, embedding_model, embedding_status, embedding_error, created_at, updated_at) VALUES (%(id)s, %(document_id)s, %(sku)s, %(source_type)s, %(chunk_index)s, %(content)s, %(metadata_json)s, %(embedding_model)s, %(embedding_status)s, %(embedding_error)s, %(created_at)s, %(updated_at)s)
2026-06-21 18:55:03,299 INFO sqlalchemy.engine.Engine [cached since 93.68s ago] [SQL parameters hidden due to hide_parameters=True]
2026-06-21 18:55:03,300 INFO sqlalchemy.engine.Engine UPDATE knowledge_documents SET content=%(content)s, metadata_json=%(metadata_json)s, page_count=%(page_count)s, parse_status=%(parse_status)s, updated_at=%(updated_at)s WHERE knowledge_documents.id = %(knowledge_documents_id)s
2026-06-21 18:55:03,301 INFO sqlalchemy.engine.Engine [cached since 93.66s ago] [SQL parameters hidden due to hide_parameters=True]
2026-06-21 18:55:03,301 INFO sqlalchemy.engine.Engine COMMIT
2026-06-21 18:55:03,302 INFO sqlalchemy.engine.Engine BEGIN (implicit)
2026-06-21 18:55:03,303 INFO sqlalchemy.engine.Engine SELECT knowledge_documents.id, knowledge_documents.source_type, knowledge_documents.source_id, knowledge_documents.sku, knowledge_documents.title, knowledge_documents.content, knowledge_documents.metadata_json, knowledge_documents.file_name, knowledge_documents.file_path, knowledge_documents.file_type, knowledge_documents.file_hash, knowledge_documents.page_count, knowledge_documents.parse_status, knowledge_documents.parse_error, knowledge_documents.related_skus_json, knowledge_documents.is_active, knowledge_documents.created_by, knowledge_documents.created_at, knowledge_documents.updated_at 
FROM knowledge_documents 
WHERE knowledge_documents.id = %(pk_1)s
2026-06-21 18:55:03,303 INFO sqlalchemy.engine.Engine [cached since 93.64s ago] [SQL parameters hidden due to hide_parameters=True]
2026-06-21 18:55:03,305 INFO sqlalchemy.engine.Engine SELECT knowledge_parse_tasks.id AS knowledge_parse_tasks_id, knowledge_parse_tasks.document_id AS knowledge_parse_tasks_document_id, knowledge_parse_tasks.status AS knowledge_parse_tasks_status, knowledge_parse_tasks.created_at AS knowledge_parse_tasks_created_at, knowledge_parse_tasks.started_at AS knowledge_parse_tasks_started_at, knowledge_parse_tasks.finished_at AS knowledge_parse_tasks_finished_at, knowledge_parse_tasks.error_message AS knowledge_parse_tasks_error_message 
FROM knowledge_parse_tasks 
WHERE knowledge_parse_tasks.id = %(id_1)s 
 LIMIT %(param_1)s
2026-06-21 18:55:03,306 INFO sqlalchemy.engine.Engine [cached since 93.76s ago] [SQL parameters hidden due to hide_parameters=True]
2026-06-21 18:55:03,307 INFO sqlalchemy.engine.Engine UPDATE knowledge_parse_tasks SET status=%(status)s, finished_at=%(finished_at)s WHERE knowledge_parse_tasks.id = %(knowledge_parse_tasks_id)s
2026-06-21 18:55:03,307 INFO sqlalchemy.engine.Engine [cached since 93.64s ago] [SQL parameters hidden due to hide_parameters=True]
2026-06-21 18:55:03,309 INFO sqlalchemy.engine.Engine COMMIT
2026-06-21 19:16:54,994 INFO sqlalchemy.engine.Engine BEGIN (implicit)
2026-06-21 19:16:54,995 INFO sqlalchemy.engine.Engine SELECT knowledge_parse_tasks.id AS knowledge_parse_tasks_id, knowledge_parse_tasks.document_id AS knowledge_parse_tasks_document_id, knowledge_parse_tasks.status AS knowledge_parse_tasks_status, knowledge_parse_tasks.created_at AS knowledge_parse_tasks_created_at, knowledge_parse_tasks.started_at AS knowledge_parse_tasks_started_at, knowledge_parse_tasks.finished_at AS knowledge_parse_tasks_finished_at, knowledge_parse_tasks.error_message AS knowledge_parse_tasks_error_message 
FROM knowledge_parse_tasks 
WHERE knowledge_parse_tasks.id = %(id_1)s 
 LIMIT %(param_1)s
2026-06-21 19:16:54,996 INFO sqlalchemy.engine.Engine [cached since 1405s ago] [SQL parameters hidden due to hide_parameters=True]
2026-06-21 19:16:54,997 INFO sqlalchemy.engine.Engine SELECT knowledge_documents.id AS knowledge_documents_id, knowledge_documents.source_type AS knowledge_documents_source_type, knowledge_documents.source_id AS knowledge_documents_source_id, knowledge_documents.sku AS knowledge_documents_sku, knowledge_documents.title AS knowledge_documents_title, knowledge_documents.content AS knowledge_documents_content, knowledge_documents.metadata_json AS knowledge_documents_metadata_json, knowledge_documents.file_name AS knowledge_documents_file_name, knowledge_documents.file_path AS knowledge_documents_file_path, knowledge_documents.file_type AS knowledge_documents_file_type, knowledge_documents.file_hash AS knowledge_documents_file_hash, knowledge_documents.page_count AS knowledge_documents_page_count, knowledge_documents.parse_status AS knowledge_documents_parse_status, knowledge_documents.parse_error AS knowledge_documents_parse_error, knowledge_documents.related_skus_json AS knowledge_documents_related_skus_json, knowledge_documents.is_active AS knowledge_documents_is_active, knowledge_documents.created_by AS knowledge_documents_created_by, knowledge_documents.created_at AS knowledge_documents_created_at, knowledge_documents.updated_at AS knowledge_documents_updated_at 
FROM knowledge_documents 
WHERE knowledge_documents.id = %(id_1)s 
 LIMIT %(param_1)s
2026-06-21 19:16:54,998 INFO sqlalchemy.engine.Engine [cached since 1405s ago] [SQL parameters hidden due to hide_parameters=True]
2026-06-21 19:16:54,999 INFO sqlalchemy.engine.Engine UPDATE knowledge_parse_tasks SET status=%(status)s, started_at=%(started_at)s WHERE knowledge_parse_tasks.id = %(knowledge_parse_tasks_id)s
2026-06-21 19:16:55,000 INFO sqlalchemy.engine.Engine [cached since 1405s ago] [SQL parameters hidden due to hide_parameters=True]
2026-06-21 19:16:55,001 INFO sqlalchemy.engine.Engine COMMIT
2026-06-21 19:16:55,004 INFO sqlalchemy.engine.Engine BEGIN (implicit)
2026-06-21 19:16:55,006 INFO sqlalchemy.engine.Engine SELECT knowledge_documents.id AS knowledge_documents_id, knowledge_documents.source_type AS knowledge_documents_source_type, knowledge_documents.source_id AS knowledge_documents_source_id, knowledge_documents.sku AS knowledge_documents_sku, knowledge_documents.title AS knowledge_documents_title, knowledge_documents.content AS knowledge_documents_content, knowledge_documents.metadata_json AS knowledge_documents_metadata_json, knowledge_documents.file_name AS knowledge_documents_file_name, knowledge_documents.file_path AS knowledge_documents_file_path, knowledge_documents.file_type AS knowledge_documents_file_type, knowledge_documents.file_hash AS knowledge_documents_file_hash, knowledge_documents.page_count AS knowledge_documents_page_count, knowledge_documents.parse_status AS knowledge_documents_parse_status, knowledge_documents.parse_error AS knowledge_documents_parse_error, knowledge_documents.related_skus_json AS knowledge_documents_related_skus_json, knowledge_documents.is_active AS knowledge_documents_is_active, knowledge_documents.created_by AS knowledge_documents_created_by, knowledge_documents.created_at AS knowledge_documents_created_at, knowledge_documents.updated_at AS knowledge_documents_updated_at 
FROM knowledge_documents 
WHERE knowledge_documents.id = %(pk_1)s
2026-06-21 19:16:55,007 INFO sqlalchemy.engine.Engine [cached since 1405s ago] [SQL parameters hidden due to hide_parameters=True]
2026-06-21 19:16:55,017 INFO sqlalchemy.engine.Engine DELETE FROM knowledge_chunks WHERE knowledge_chunks.document_id = %(document_id_1)s
2026-06-21 19:16:55,038 INFO sqlalchemy.engine.Engine [cached since 1405s ago] [SQL parameters hidden due to hide_parameters=True]
2026-06-21 19:16:55,041 INFO sqlalchemy.engine.Engine INSERT INTO knowledge_chunks (id, document_id, sku, source_type, chunk_index, content, metadata_json, embedding_model, embedding_status, embedding_error, created_at, updated_at) VALUES (%(id)s, %(document_id)s, %(sku)s, %(source_type)s, %(chunk_index)s, %(content)s, %(metadata_json)s, %(embedding_model)s, %(embedding_status)s, %(embedding_error)s, %(created_at)s, %(updated_at)s)
2026-06-21 19:16:55,042 INFO sqlalchemy.engine.Engine [cached since 1405s ago] [SQL parameters hidden due to hide_parameters=True]
2026-06-21 19:16:55,043 INFO sqlalchemy.engine.Engine UPDATE knowledge_documents SET content=%(content)s, metadata_json=%(metadata_json)s, page_count=%(page_count)s, parse_status=%(parse_status)s, updated_at=%(updated_at)s WHERE knowledge_documents.id = %(knowledge_documents_id)s
2026-06-21 19:16:55,044 INFO sqlalchemy.engine.Engine [cached since 1405s ago] [SQL parameters hidden due to hide_parameters=True]
2026-06-21 19:16:55,046 INFO sqlalchemy.engine.Engine COMMIT
2026-06-21 19:16:55,047 INFO sqlalchemy.engine.Engine BEGIN (implicit)
2026-06-21 19:16:55,048 INFO sqlalchemy.engine.Engine SELECT knowledge_documents.id, knowledge_documents.source_type, knowledge_documents.source_id, knowledge_documents.sku, knowledge_documents.title, knowledge_documents.content, knowledge_documents.metadata_json, knowledge_documents.file_name, knowledge_documents.file_path, knowledge_documents.file_type, knowledge_documents.file_hash, knowledge_documents.page_count, knowledge_documents.parse_status, knowledge_documents.parse_error, knowledge_documents.related_skus_json, knowledge_documents.is_active, knowledge_documents.created_by, knowledge_documents.created_at, knowledge_documents.updated_at 
FROM knowledge_documents 
WHERE knowledge_documents.id = %(pk_1)s
2026-06-21 19:16:55,049 INFO sqlalchemy.engine.Engine [cached since 1405s ago] [SQL parameters hidden due to hide_parameters=True]
2026-06-21 19:16:55,051 INFO sqlalchemy.engine.Engine SELECT knowledge_parse_tasks.id AS knowledge_parse_tasks_id, knowledge_parse_tasks.document_id AS knowledge_parse_tasks_document_id, knowledge_parse_tasks.status AS knowledge_parse_tasks_status, knowledge_parse_tasks.created_at AS knowledge_parse_tasks_created_at, knowledge_parse_tasks.started_at AS knowledge_parse_tasks_started_at, knowledge_parse_tasks.finished_at AS knowledge_parse_tasks_finished_at, knowledge_parse_tasks.error_message AS knowledge_parse_tasks_error_message 
FROM knowledge_parse_tasks 
WHERE knowledge_parse_tasks.id = %(id_1)s 
 LIMIT %(param_1)s
2026-06-21 19:16:55,052 INFO sqlalchemy.engine.Engine [cached since 1406s ago] [SQL parameters hidden due to hide_parameters=True]
2026-06-21 19:16:55,054 INFO sqlalchemy.engine.Engine UPDATE knowledge_parse_tasks SET status=%(status)s, finished_at=%(finished_at)s WHERE knowledge_parse_tasks.id = %(knowledge_parse_tasks_id)s
2026-06-21 19:16:55,054 INFO sqlalchemy.engine.Engine [cached since 1405s ago] [SQL parameters hidden due to hide_parameters=True]
2026-06-21 19:16:55,055 INFO sqlalchemy.engine.Engine COMMIT
