 
 -------------- celery@WNT-20230914PYO v5.4.0 (opalescent)
--- ***** ----- 
-- ******* ---- Windows-10-10.0.19045-SP0 2026-06-19 08:05:10
- *** --- * --- 
- ** ---------- [config]
- ** ---------- .> app:         caiyan_backend:0x1b7b1935ed0
- ** ---------- .> transport:   redis://localhost:6379/0
- ** ---------- .> results:     redis://localhost:6379/0
- *** --- * --- .> concurrency: 8 (solo)
-- ******* ---- .> task events: OFF (enable -E to monitor tasks in this worker)
--- ***** ----- 
 -------------- [queues]
                .> celery           exchange=celery(direct) key=celery
                

[tasks]
  . parse_document

2026-06-19 08:07:39,448 INFO sqlalchemy.engine.Engine select pg_catalog.version()
2026-06-19 08:07:39,450 INFO sqlalchemy.engine.Engine [raw sql] [SQL parameters hidden due to hide_parameters=True]
2026-06-19 08:07:39,451 INFO sqlalchemy.engine.Engine select current_schema()
2026-06-19 08:07:39,452 INFO sqlalchemy.engine.Engine [raw sql] [SQL parameters hidden due to hide_parameters=True]
2026-06-19 08:07:39,453 INFO sqlalchemy.engine.Engine show standard_conforming_strings
2026-06-19 08:07:39,454 INFO sqlalchemy.engine.Engine [raw sql] [SQL parameters hidden due to hide_parameters=True]
2026-06-19 08:07:39,456 INFO sqlalchemy.engine.Engine BEGIN (implicit)
2026-06-19 08:07:39,459 INFO sqlalchemy.engine.Engine SELECT knowledge_parse_tasks.id AS knowledge_parse_tasks_id, knowledge_parse_tasks.document_id AS knowledge_parse_tasks_document_id, knowledge_parse_tasks.status AS knowledge_parse_tasks_status, knowledge_parse_tasks.created_at AS knowledge_parse_tasks_created_at, knowledge_parse_tasks.started_at AS knowledge_parse_tasks_started_at, knowledge_parse_tasks.finished_at AS knowledge_parse_tasks_finished_at, knowledge_parse_tasks.error_message AS knowledge_parse_tasks_error_message 
FROM knowledge_parse_tasks 
WHERE knowledge_parse_tasks.id = %(id_1)s 
 LIMIT %(param_1)s
2026-06-19 08:07:39,460 INFO sqlalchemy.engine.Engine [generated in 0.00109s] [SQL parameters hidden due to hide_parameters=True]
2026-06-19 08:07:39,467 INFO sqlalchemy.engine.Engine SELECT knowledge_documents.id AS knowledge_documents_id, knowledge_documents.source_type AS knowledge_documents_source_type, knowledge_documents.source_id AS knowledge_documents_source_id, knowledge_documents.sku AS knowledge_documents_sku, knowledge_documents.title AS knowledge_documents_title, knowledge_documents.content AS knowledge_documents_content, knowledge_documents.metadata_json AS knowledge_documents_metadata_json, knowledge_documents.file_name AS knowledge_documents_file_name, knowledge_documents.file_path AS knowledge_documents_file_path, knowledge_documents.file_type AS knowledge_documents_file_type, knowledge_documents.file_hash AS knowledge_documents_file_hash, knowledge_documents.page_count AS knowledge_documents_page_count, knowledge_documents.parse_status AS knowledge_documents_parse_status, knowledge_documents.parse_error AS knowledge_documents_parse_error, knowledge_documents.related_skus_json AS knowledge_documents_related_skus_json, knowledge_documents.is_active AS knowledge_documents_is_active, knowledge_documents.created_by AS knowledge_documents_created_by, knowledge_documents.created_at AS knowledge_documents_created_at, knowledge_documents.updated_at AS knowledge_documents_updated_at 
FROM knowledge_documents 
WHERE knowledge_documents.id = %(id_1)s 
 LIMIT %(param_1)s
2026-06-19 08:07:39,468 INFO sqlalchemy.engine.Engine [generated in 0.00145s] [SQL parameters hidden due to hide_parameters=True]
2026-06-19 08:07:39,474 INFO sqlalchemy.engine.Engine UPDATE knowledge_parse_tasks SET status=%(status)s, started_at=%(started_at)s WHERE knowledge_parse_tasks.id = %(knowledge_parse_tasks_id)s
2026-06-19 08:07:39,475 INFO sqlalchemy.engine.Engine [generated in 0.00103s] [SQL parameters hidden due to hide_parameters=True]
2026-06-19 08:07:39,485 INFO sqlalchemy.engine.Engine COMMIT
2026-06-19 08:07:39,491 INFO sqlalchemy.engine.Engine BEGIN (implicit)
2026-06-19 08:07:39,494 INFO sqlalchemy.engine.Engine SELECT knowledge_documents.id AS knowledge_documents_id, knowledge_documents.source_type AS knowledge_documents_source_type, knowledge_documents.source_id AS knowledge_documents_source_id, knowledge_documents.sku AS knowledge_documents_sku, knowledge_documents.title AS knowledge_documents_title, knowledge_documents.content AS knowledge_documents_content, knowledge_documents.metadata_json AS knowledge_documents_metadata_json, knowledge_documents.file_name AS knowledge_documents_file_name, knowledge_documents.file_path AS knowledge_documents_file_path, knowledge_documents.file_type AS knowledge_documents_file_type, knowledge_documents.file_hash AS knowledge_documents_file_hash, knowledge_documents.page_count AS knowledge_documents_page_count, knowledge_documents.parse_status AS knowledge_documents_parse_status, knowledge_documents.parse_error AS knowledge_documents_parse_error, knowledge_documents.related_skus_json AS knowledge_documents_related_skus_json, knowledge_documents.is_active AS knowledge_documents_is_active, knowledge_documents.created_by AS knowledge_documents_created_by, knowledge_documents.created_at AS knowledge_documents_created_at, knowledge_documents.updated_at AS knowledge_documents_updated_at 
FROM knowledge_documents 
WHERE knowledge_documents.id = %(pk_1)s
2026-06-19 08:07:39,495 INFO sqlalchemy.engine.Engine [generated in 0.00121s] [SQL parameters hidden due to hide_parameters=True]
2026-06-19 08:07:39,501 INFO sqlalchemy.engine.Engine DELETE FROM knowledge_chunks WHERE knowledge_chunks.document_id = %(document_id_1)s
2026-06-19 08:07:39,502 INFO sqlalchemy.engine.Engine [generated in 0.00126s] [SQL parameters hidden due to hide_parameters=True]
2026-06-19 08:07:39,508 INFO sqlalchemy.engine.Engine INSERT INTO knowledge_chunks (id, document_id, sku, source_type, chunk_index, content, metadata_json, embedding_model, embedding_status, embedding_error, created_at, updated_at) VALUES (%(id__0)s, %(document_id__0)s, %(sku__0)s, %(source_type__0)s, % ... 1003 characters truncated ... g_model__4)s, %(embedding_status__4)s, %(embedding_error__4)s, %(created_at__4)s, %(updated_at__4)s)
2026-06-19 08:07:39,510 INFO sqlalchemy.engine.Engine [generated in 0.00017s (insertmanyvalues) 1/1 (unordered)] [SQL parameters hidden due to hide_parameters=True]
2026-06-19 08:07:39,520 INFO sqlalchemy.engine.Engine UPDATE knowledge_documents SET content=%(content)s, metadata_json=%(metadata_json)s, page_count=%(page_count)s, parse_status=%(parse_status)s, updated_at=%(updated_at)s WHERE knowledge_documents.id = %(knowledge_documents_id)s
2026-06-19 08:07:39,521 INFO sqlalchemy.engine.Engine [generated in 0.00105s] [SQL parameters hidden due to hide_parameters=True]
2026-06-19 08:07:39,524 INFO sqlalchemy.engine.Engine COMMIT
2026-06-19 08:07:39,526 INFO sqlalchemy.engine.Engine BEGIN (implicit)
2026-06-19 08:07:39,528 INFO sqlalchemy.engine.Engine SELECT knowledge_documents.id, knowledge_documents.source_type, knowledge_documents.source_id, knowledge_documents.sku, knowledge_documents.title, knowledge_documents.content, knowledge_documents.metadata_json, knowledge_documents.file_name, knowledge_documents.file_path, knowledge_documents.file_type, knowledge_documents.file_hash, knowledge_documents.page_count, knowledge_documents.parse_status, knowledge_documents.parse_error, knowledge_documents.related_skus_json, knowledge_documents.is_active, knowledge_documents.created_by, knowledge_documents.created_at, knowledge_documents.updated_at 
FROM knowledge_documents 
WHERE knowledge_documents.id = %(pk_1)s
2026-06-19 08:07:39,529 INFO sqlalchemy.engine.Engine [generated in 0.00121s] [SQL parameters hidden due to hide_parameters=True]
2026-06-19 08:07:39,531 INFO sqlalchemy.engine.Engine SELECT knowledge_parse_tasks.id AS knowledge_parse_tasks_id, knowledge_parse_tasks.document_id AS knowledge_parse_tasks_document_id, knowledge_parse_tasks.status AS knowledge_parse_tasks_status, knowledge_parse_tasks.created_at AS knowledge_parse_tasks_created_at, knowledge_parse_tasks.started_at AS knowledge_parse_tasks_started_at, knowledge_parse_tasks.finished_at AS knowledge_parse_tasks_finished_at, knowledge_parse_tasks.error_message AS knowledge_parse_tasks_error_message 
FROM knowledge_parse_tasks 
WHERE knowledge_parse_tasks.id = %(id_1)s 
 LIMIT %(param_1)s
2026-06-19 08:07:39,531 INFO sqlalchemy.engine.Engine [cached since 0.07243s ago] [SQL parameters hidden due to hide_parameters=True]
2026-06-19 08:07:39,534 INFO sqlalchemy.engine.Engine UPDATE knowledge_parse_tasks SET status=%(status)s, finished_at=%(finished_at)s WHERE knowledge_parse_tasks.id = %(knowledge_parse_tasks_id)s
2026-06-19 08:07:39,535 INFO sqlalchemy.engine.Engine [generated in 0.00083s] [SQL parameters hidden due to hide_parameters=True]
2026-06-19 08:07:39,536 INFO sqlalchemy.engine.Engine COMMIT
2026-06-19 08:10:01,660 INFO sqlalchemy.engine.Engine BEGIN (implicit)
2026-06-19 08:10:01,661 INFO sqlalchemy.engine.Engine SELECT knowledge_parse_tasks.id AS knowledge_parse_tasks_id, knowledge_parse_tasks.document_id AS knowledge_parse_tasks_document_id, knowledge_parse_tasks.status AS knowledge_parse_tasks_status, knowledge_parse_tasks.created_at AS knowledge_parse_tasks_created_at, knowledge_parse_tasks.started_at AS knowledge_parse_tasks_started_at, knowledge_parse_tasks.finished_at AS knowledge_parse_tasks_finished_at, knowledge_parse_tasks.error_message AS knowledge_parse_tasks_error_message 
FROM knowledge_parse_tasks 
WHERE knowledge_parse_tasks.id = %(id_1)s 
 LIMIT %(param_1)s
2026-06-19 08:10:01,662 INFO sqlalchemy.engine.Engine [cached since 142.2s ago] [SQL parameters hidden due to hide_parameters=True]
2026-06-19 08:10:01,663 INFO sqlalchemy.engine.Engine SELECT knowledge_documents.id AS knowledge_documents_id, knowledge_documents.source_type AS knowledge_documents_source_type, knowledge_documents.source_id AS knowledge_documents_source_id, knowledge_documents.sku AS knowledge_documents_sku, knowledge_documents.title AS knowledge_documents_title, knowledge_documents.content AS knowledge_documents_content, knowledge_documents.metadata_json AS knowledge_documents_metadata_json, knowledge_documents.file_name AS knowledge_documents_file_name, knowledge_documents.file_path AS knowledge_documents_file_path, knowledge_documents.file_type AS knowledge_documents_file_type, knowledge_documents.file_hash AS knowledge_documents_file_hash, knowledge_documents.page_count AS knowledge_documents_page_count, knowledge_documents.parse_status AS knowledge_documents_parse_status, knowledge_documents.parse_error AS knowledge_documents_parse_error, knowledge_documents.related_skus_json AS knowledge_documents_related_skus_json, knowledge_documents.is_active AS knowledge_documents_is_active, knowledge_documents.created_by AS knowledge_documents_created_by, knowledge_documents.created_at AS knowledge_documents_created_at, knowledge_documents.updated_at AS knowledge_documents_updated_at 
FROM knowledge_documents 
WHERE knowledge_documents.id = %(id_1)s 
 LIMIT %(param_1)s
2026-06-19 08:10:01,664 INFO sqlalchemy.engine.Engine [cached since 142.2s ago] [SQL parameters hidden due to hide_parameters=True]
2026-06-19 08:10:01,665 INFO sqlalchemy.engine.Engine UPDATE knowledge_parse_tasks SET status=%(status)s, started_at=%(started_at)s WHERE knowledge_parse_tasks.id = %(knowledge_parse_tasks_id)s
2026-06-19 08:10:01,666 INFO sqlalchemy.engine.Engine [cached since 142.2s ago] [SQL parameters hidden due to hide_parameters=True]
2026-06-19 08:10:01,667 INFO sqlalchemy.engine.Engine COMMIT
2026-06-19 08:10:01,677 INFO sqlalchemy.engine.Engine BEGIN (implicit)
2026-06-19 08:10:01,696 INFO sqlalchemy.engine.Engine SELECT knowledge_documents.id AS knowledge_documents_id, knowledge_documents.source_type AS knowledge_documents_source_type, knowledge_documents.source_id AS knowledge_documents_source_id, knowledge_documents.sku AS knowledge_documents_sku, knowledge_documents.title AS knowledge_documents_title, knowledge_documents.content AS knowledge_documents_content, knowledge_documents.metadata_json AS knowledge_documents_metadata_json, knowledge_documents.file_name AS knowledge_documents_file_name, knowledge_documents.file_path AS knowledge_documents_file_path, knowledge_documents.file_type AS knowledge_documents_file_type, knowledge_documents.file_hash AS knowledge_documents_file_hash, knowledge_documents.page_count AS knowledge_documents_page_count, knowledge_documents.parse_status AS knowledge_documents_parse_status, knowledge_documents.parse_error AS knowledge_documents_parse_error, knowledge_documents.related_skus_json AS knowledge_documents_related_skus_json, knowledge_documents.is_active AS knowledge_documents_is_active, knowledge_documents.created_by AS knowledge_documents_created_by, knowledge_documents.created_at AS knowledge_documents_created_at, knowledge_documents.updated_at AS knowledge_documents_updated_at 
FROM knowledge_documents 
WHERE knowledge_documents.id = %(pk_1)s
2026-06-19 08:10:01,697 INFO sqlalchemy.engine.Engine [cached since 142.2s ago] [SQL parameters hidden due to hide_parameters=True]
2026-06-19 08:10:01,702 INFO sqlalchemy.engine.Engine DELETE FROM knowledge_chunks WHERE knowledge_chunks.document_id = %(document_id_1)s
2026-06-19 08:10:01,703 INFO sqlalchemy.engine.Engine [cached since 142.2s ago] [SQL parameters hidden due to hide_parameters=True]
2026-06-19 08:10:01,705 INFO sqlalchemy.engine.Engine INSERT INTO knowledge_chunks (id, document_id, sku, source_type, chunk_index, content, metadata_json, embedding_model, embedding_status, embedding_error, created_at, updated_at) VALUES (%(id__0)s, %(document_id__0)s, %(sku__0)s, %(source_type__0)s, % ... 769 characters truncated ... g_model__3)s, %(embedding_status__3)s, %(embedding_error__3)s, %(created_at__3)s, %(updated_at__3)s)
2026-06-19 08:10:01,705 INFO sqlalchemy.engine.Engine [cached since 142.2s ago (insertmanyvalues) 1/1 (unordered)] [SQL parameters hidden due to hide_parameters=True]
2026-06-19 08:10:01,707 INFO sqlalchemy.engine.Engine UPDATE knowledge_documents SET content=%(content)s, metadata_json=%(metadata_json)s, page_count=%(page_count)s, parse_status=%(parse_status)s, updated_at=%(updated_at)s WHERE knowledge_documents.id = %(knowledge_documents_id)s
2026-06-19 08:10:01,708 INFO sqlalchemy.engine.Engine [cached since 142.2s ago] [SQL parameters hidden due to hide_parameters=True]
2026-06-19 08:10:01,709 INFO sqlalchemy.engine.Engine COMMIT
2026-06-19 08:10:01,710 INFO sqlalchemy.engine.Engine BEGIN (implicit)
2026-06-19 08:10:01,711 INFO sqlalchemy.engine.Engine SELECT knowledge_documents.id, knowledge_documents.source_type, knowledge_documents.source_id, knowledge_documents.sku, knowledge_documents.title, knowledge_documents.content, knowledge_documents.metadata_json, knowledge_documents.file_name, knowledge_documents.file_path, knowledge_documents.file_type, knowledge_documents.file_hash, knowledge_documents.page_count, knowledge_documents.parse_status, knowledge_documents.parse_error, knowledge_documents.related_skus_json, knowledge_documents.is_active, knowledge_documents.created_by, knowledge_documents.created_at, knowledge_documents.updated_at 
FROM knowledge_documents 
WHERE knowledge_documents.id = %(pk_1)s
2026-06-19 08:10:01,712 INFO sqlalchemy.engine.Engine [cached since 142.2s ago] [SQL parameters hidden due to hide_parameters=True]
2026-06-19 08:10:01,713 INFO sqlalchemy.engine.Engine SELECT knowledge_parse_tasks.id AS knowledge_parse_tasks_id, knowledge_parse_tasks.document_id AS knowledge_parse_tasks_document_id, knowledge_parse_tasks.status AS knowledge_parse_tasks_status, knowledge_parse_tasks.created_at AS knowledge_parse_tasks_created_at, knowledge_parse_tasks.started_at AS knowledge_parse_tasks_started_at, knowledge_parse_tasks.finished_at AS knowledge_parse_tasks_finished_at, knowledge_parse_tasks.error_message AS knowledge_parse_tasks_error_message 
FROM knowledge_parse_tasks 
WHERE knowledge_parse_tasks.id = %(id_1)s 
 LIMIT %(param_1)s
2026-06-19 08:10:01,714 INFO sqlalchemy.engine.Engine [cached since 142.3s ago] [SQL parameters hidden due to hide_parameters=True]
2026-06-19 08:10:01,715 INFO sqlalchemy.engine.Engine UPDATE knowledge_parse_tasks SET status=%(status)s, finished_at=%(finished_at)s WHERE knowledge_parse_tasks.id = %(knowledge_parse_tasks_id)s
2026-06-19 08:10:01,715 INFO sqlalchemy.engine.Engine [cached since 142.2s ago] [SQL parameters hidden due to hide_parameters=True]
2026-06-19 08:10:01,717 INFO sqlalchemy.engine.Engine COMMIT
